[ 2016-11-26T10:37:37+08:00 ] 127.0.0.1 /seeworld222/
INFO: [ app_init ] --START--
INFO: Run Behavior\BuildLiteBehavior [ RunTime:0.000020s ]
INFO: [ app_init ] --END-- [ RunTime:0.005035s ]
INFO: [ app_begin ] --START--
INFO: Run Behavior\ReadHtmlCacheBehavior [ RunTime:0.000889s ]
INFO: [ app_begin ] --END-- [ RunTime:0.000953s ]
SQL: SHOW COLUMNS FROM `lunbo` [ RunTime:0.0292s ]
SQL: SELECT * FROM `lunbo` WHERE ( lun_show=1 ) ORDER BY lun_id desc LIMIT 0,3   [ RunTime:0.0054s ]
SQL: SHOW COLUMNS FROM `travel` [ RunTime:0.0073s ]
SQL: SELECT * FROM `travel` WHERE ( is_vip=1 ) ORDER BY tra_id desc LIMIT 0,4   [ RunTime:0.0005s ]
SQL: SELECT * FROM `travel` ORDER BY tra_id desc LIMIT 0,4   [ RunTime:0.0002s ]
SQL: SHOW COLUMNS FROM `article` [ RunTime:0.0026s ]
SQL: SELECT * FROM `article` WHERE ( a_status=1 ) ORDER BY a_id desc LIMIT 0,4   [ RunTime:0.0005s ]
INFO: [ view_parse ] --START--
INFO: [ template_filter ] --START--
INFO: Run Behavior\ContentReplaceBehavior [ RunTime:0.000894s ]
INFO: [ template_filter ] --END-- [ RunTime:0.000969s ]
NOTIC: [8] Array to string conversion /Applications/MAMP/htdocs/seeworld222/Application/Runtime/Cache/Home/2a94b8bda04ff446dcedd42276fc99ee.php 第 45 行.
NOTIC: [8] Array to string conversion /Applications/MAMP/htdocs/seeworld222/Application/Runtime/Cache/Home/2a94b8bda04ff446dcedd42276fc99ee.php 第 46 行.
NOTIC: [8] Use of undefined constant cat_id - assumed 'cat_id' /Applications/MAMP/htdocs/seeworld222/Application/Runtime/Cache/Home/2a94b8bda04ff446dcedd42276fc99ee.php 第 118 行.
NOTIC: [8] Use of undefined constant lun_path - assumed 'lun_path' /Applications/MAMP/htdocs/seeworld222/Application/Runtime/Cache/Home/2a94b8bda04ff446dcedd42276fc99ee.php 第 119 行.
NOTIC: [8] Use of undefined constant tra_id - assumed 'tra_id' /Applications/MAMP/htdocs/seeworld222/Application/Runtime/Cache/Home/2a94b8bda04ff446dcedd42276fc99ee.php 第 148 行.
NOTIC: [8] Use of undefined constant tra_thumb - assumed 'tra_thumb' /Applications/MAMP/htdocs/seeworld222/Application/Runtime/Cache/Home/2a94b8bda04ff446dcedd42276fc99ee.php 第 149 行.
NOTIC: [8] Use of undefined constant tra_name - assumed 'tra_name' /Applications/MAMP/htdocs/seeworld222/Application/Runtime/Cache/Home/2a94b8bda04ff446dcedd42276fc99ee.php 第 151 行.
NOTIC: [8] Use of undefined constant tra_id - assumed 'tra_id' /Applications/MAMP/htdocs/seeworld222/Application/Runtime/Cache/Home/2a94b8bda04ff446dcedd42276fc99ee.php 第 164 行.
NOTIC: [8] Use of undefined constant tra_thumb - assumed 'tra_thumb' /Applications/MAMP/htdocs/seeworld222/Application/Runtime/Cache/Home/2a94b8bda04ff446dcedd42276fc99ee.php 第 165 行.
NOTIC: [8] Use of undefined constant tra_name - assumed 'tra_name' /Applications/MAMP/htdocs/seeworld222/Application/Runtime/Cache/Home/2a94b8bda04ff446dcedd42276fc99ee.php 第 167 行.
NOTIC: [8] Use of undefined constant tra_price - assumed 'tra_price' /Applications/MAMP/htdocs/seeworld222/Application/Runtime/Cache/Home/2a94b8bda04ff446dcedd42276fc99ee.php 第 168 行.
INFO: Run Behavior\ParseTemplateBehavior [ RunTime:0.032412s ]
INFO: [ view_parse ] --END-- [ RunTime:0.032469s ]
INFO: [ view_filter ] --START--
INFO: Run Behavior\WriteHtmlCacheBehavior [ RunTime:0.000530s ]
INFO: [ view_filter ] --END-- [ RunTime:0.000575s ]
INFO: [ app_end ] --START--
INFO: Run Behavior\ShowPageTraceBehavior [ RunTime:0.001127s ]
INFO: [ app_end ] --END-- [ RunTime:0.001220s ]

[ 2016-11-26T10:37:37+08:00 ] 127.0.0.1 /seeworld222/
INFO: [ app_init ] --START--
INFO: Run Behavior\BuildLiteBehavior [ RunTime:0.000020s ]
INFO: [ app_init ] --END-- [ RunTime:0.000188s ]
INFO: [ app_begin ] --START--
INFO: Run Behavior\ReadHtmlCacheBehavior [ RunTime:0.000696s ]
INFO: [ app_begin ] --END-- [ RunTime:0.000762s ]
SQL: SHOW COLUMNS FROM `lunbo` [ RunTime:0.0026s ]
SQL: SELECT * FROM `lunbo` WHERE ( lun_show=1 ) ORDER BY lun_id desc LIMIT 0,3   [ RunTime:0.0018s ]
SQL: SHOW COLUMNS FROM `travel` [ RunTime:0.0045s ]
SQL: SELECT * FROM `travel` WHERE ( is_vip=1 ) ORDER BY tra_id desc LIMIT 0,4   [ RunTime:0.0003s ]
SQL: SELECT * FROM `travel` ORDER BY tra_id desc LIMIT 0,4   [ RunTime:0.0002s ]
SQL: SHOW COLUMNS FROM `article` [ RunTime:0.0016s ]
SQL: SELECT * FROM `article` WHERE ( a_status=1 ) ORDER BY a_id desc LIMIT 0,4   [ RunTime:0.0002s ]
INFO: [ view_parse ] --START--
INFO: [ template_filter ] --START--
INFO: Run Behavior\ContentReplaceBehavior [ RunTime:0.000315s ]
INFO: [ template_filter ] --END-- [ RunTime:0.001906s ]
NOTIC: [8] Array to string conversion /Applications/MAMP/htdocs/seeworld222/Application/Runtime/Cache/Home/2a94b8bda04ff446dcedd42276fc99ee.php 第 45 行.
NOTIC: [8] Array to string conversion /Applications/MAMP/htdocs/seeworld222/Application/Runtime/Cache/Home/2a94b8bda04ff446dcedd42276fc99ee.php 第 46 行.
NOTIC: [8] Use of undefined constant cat_id - assumed 'cat_id' /Applications/MAMP/htdocs/seeworld222/Application/Runtime/Cache/Home/2a94b8bda04ff446dcedd42276fc99ee.php 第 118 行.
NOTIC: [8] Use of undefined constant lun_path - assumed 'lun_path' /Applications/MAMP/htdocs/seeworld222/Application/Runtime/Cache/Home/2a94b8bda04ff446dcedd42276fc99ee.php 第 119 行.
NOTIC: [8] Use of undefined constant tra_id - assumed 'tra_id' /Applications/MAMP/htdocs/seeworld222/Application/Runtime/Cache/Home/2a94b8bda04ff446dcedd42276fc99ee.php 第 148 行.
NOTIC: [8] Use of undefined constant tra_thumb - assumed 'tra_thumb' /Applications/MAMP/htdocs/seeworld222/Application/Runtime/Cache/Home/2a94b8bda04ff446dcedd42276fc99ee.php 第 149 行.
NOTIC: [8] Use of undefined constant tra_name - assumed 'tra_name' /Applications/MAMP/htdocs/seeworld222/Application/Runtime/Cache/Home/2a94b8bda04ff446dcedd42276fc99ee.php 第 151 行.
NOTIC: [8] Use of undefined constant tra_id - assumed 'tra_id' /Applications/MAMP/htdocs/seeworld222/Application/Runtime/Cache/Home/2a94b8bda04ff446dcedd42276fc99ee.php 第 164 行.
NOTIC: [8] Use of undefined constant tra_thumb - assumed 'tra_thumb' /Applications/MAMP/htdocs/seeworld222/Application/Runtime/Cache/Home/2a94b8bda04ff446dcedd42276fc99ee.php 第 165 行.
NOTIC: [8] Use of undefined constant tra_name - assumed 'tra_name' /Applications/MAMP/htdocs/seeworld222/Application/Runtime/Cache/Home/2a94b8bda04ff446dcedd42276fc99ee.php 第 167 行.
NOTIC: [8] Use of undefined constant tra_price - assumed 'tra_price' /Applications/MAMP/htdocs/seeworld222/Application/Runtime/Cache/Home/2a94b8bda04ff446dcedd42276fc99ee.php 第 168 行.
INFO: Run Behavior\ParseTemplateBehavior [ RunTime:0.025684s ]
INFO: [ view_parse ] --END-- [ RunTime:0.025741s ]
INFO: [ view_filter ] --START--
INFO: Run Behavior\WriteHtmlCacheBehavior [ RunTime:0.000291s ]
INFO: [ view_filter ] --END-- [ RunTime:0.000335s ]
INFO: [ app_end ] --START--
INFO: Run Behavior\ShowPageTraceBehavior [ RunTime:0.000648s ]
INFO: [ app_end ] --END-- [ RunTime:0.000746s ]

