[ 2016-11-12T00:38:45+08:00 ] 127.0.0.1 /
INFO: [ app_init ] --START--
INFO: Run Behavior\BuildLiteBehavior [ RunTime:0.000000s ]
INFO: [ app_init ] --END-- [ RunTime:0.000000s ]
INFO: [ app_begin ] --START--
INFO: Run Behavior\ReadHtmlCacheBehavior [ RunTime:0.001000s ]
INFO: [ app_begin ] --END-- [ RunTime:0.001000s ]
ERR: SQLSTATE[HY000] [1045] Access denied for user 'root'@'localhost' (using password: NO)

[ 2016-11-12T00:39:20+08:00 ] 127.0.0.1 /
INFO: [ app_init ] --START--
INFO: Run Behavior\BuildLiteBehavior [ RunTime:0.000000s ]
INFO: [ app_init ] --END-- [ RunTime:0.000000s ]
INFO: [ app_begin ] --START--
INFO: Run Behavior\ReadHtmlCacheBehavior [ RunTime:0.002000s ]
INFO: [ app_begin ] --END-- [ RunTime:0.002000s ]
SQL: SHOW COLUMNS FROM `lunbo` [ RunTime:0.0030s ]
ERR: 1054:Unknown column 'lun_show' in 'where clause'
 [ SQL语句 ] : SELECT * FROM `lunbo` WHERE ( lun_show=1 ) ORDER BY lun_id desc LIMIT 0,3  
ERR: 1054:Unknown column 'lun_show' in 'where clause'
 [ SQL语句 ] : SELECT * FROM `lunbo` WHERE ( lun_show=1 ) ORDER BY lun_id desc LIMIT 0,3  

[ 2016-11-12T00:39:22+08:00 ] 127.0.0.1 /
INFO: [ app_init ] --START--
INFO: Run Behavior\BuildLiteBehavior [ RunTime:0.000000s ]
INFO: [ app_init ] --END-- [ RunTime:0.000000s ]
INFO: [ app_begin ] --START--
INFO: Run Behavior\ReadHtmlCacheBehavior [ RunTime:0.001000s ]
INFO: [ app_begin ] --END-- [ RunTime:0.001000s ]
SQL: SHOW COLUMNS FROM `lunbo` [ RunTime:0.0040s ]
ERR: 1054:Unknown column 'lun_show' in 'where clause'
 [ SQL语句 ] : SELECT * FROM `lunbo` WHERE ( lun_show=1 ) ORDER BY lun_id desc LIMIT 0,3  
ERR: 1054:Unknown column 'lun_show' in 'where clause'
 [ SQL语句 ] : SELECT * FROM `lunbo` WHERE ( lun_show=1 ) ORDER BY lun_id desc LIMIT 0,3  

[ 2016-11-12T00:39:23+08:00 ] 127.0.0.1 /
INFO: [ app_init ] --START--
INFO: Run Behavior\BuildLiteBehavior [ RunTime:0.000000s ]
INFO: [ app_init ] --END-- [ RunTime:0.000000s ]
INFO: [ app_begin ] --START--
INFO: Run Behavior\ReadHtmlCacheBehavior [ RunTime:0.000000s ]
INFO: [ app_begin ] --END-- [ RunTime:0.000000s ]
SQL: SHOW COLUMNS FROM `lunbo` [ RunTime:0.0040s ]
ERR: 1054:Unknown column 'lun_show' in 'where clause'
 [ SQL语句 ] : SELECT * FROM `lunbo` WHERE ( lun_show=1 ) ORDER BY lun_id desc LIMIT 0,3  
ERR: 1054:Unknown column 'lun_show' in 'where clause'
 [ SQL语句 ] : SELECT * FROM `lunbo` WHERE ( lun_show=1 ) ORDER BY lun_id desc LIMIT 0,3  

[ 2016-11-12T00:44:32+08:00 ] 127.0.0.1 /
INFO: [ app_init ] --START--
INFO: Run Behavior\BuildLiteBehavior [ RunTime:0.000000s ]
INFO: [ app_init ] --END-- [ RunTime:0.000000s ]
INFO: [ app_begin ] --START--
INFO: Run Behavior\ReadHtmlCacheBehavior [ RunTime:0.001000s ]
INFO: [ app_begin ] --END-- [ RunTime:0.001000s ]
SQL: SHOW COLUMNS FROM `lunbo` [ RunTime:0.0050s ]
SQL: SELECT * FROM `lunbo` WHERE ( lun_show=1 ) ORDER BY lun_id desc LIMIT 0,3   [ RunTime:0.0020s ]
SQL: SHOW COLUMNS FROM `travel` [ RunTime:0.0050s ]
SQL: SELECT * FROM `travel` WHERE ( is_vip=1 ) ORDER BY tra_id desc LIMIT 0,4   [ RunTime:0.0000s ]
SQL: SELECT * FROM `travel` ORDER BY tra_id desc LIMIT 0,4   [ RunTime:0.0000s ]
SQL: SHOW COLUMNS FROM `article` [ RunTime:0.0050s ]
SQL: SELECT * FROM `article` WHERE ( a_status=1 ) ORDER BY a_id desc LIMIT 0,4   [ RunTime:0.0010s ]
INFO: [ view_parse ] --START--
INFO: [ template_filter ] --START--
INFO: Run Behavior\ContentReplaceBehavior [ RunTime:0.001000s ]
INFO: [ template_filter ] --END-- [ RunTime:0.001000s ]
NOTIC: [8] Array to string conversion C:\xampp\htdocs\seeworld111\Application\Runtime\Cache\Home\2a94b8bda04ff446dcedd42276fc99ee.php 第 45 行.
NOTIC: [8] Array to string conversion C:\xampp\htdocs\seeworld111\Application\Runtime\Cache\Home\2a94b8bda04ff446dcedd42276fc99ee.php 第 46 行.
INFO: Run Behavior\ParseTemplateBehavior [ RunTime:0.027001s ]
INFO: [ view_parse ] --END-- [ RunTime:0.027001s ]
INFO: [ view_filter ] --START--
INFO: Run Behavior\WriteHtmlCacheBehavior [ RunTime:0.001000s ]
INFO: [ view_filter ] --END-- [ RunTime:0.001000s ]
INFO: [ app_end ] --START--
INFO: Run Behavior\ShowPageTraceBehavior [ RunTime:0.001001s ]
INFO: [ app_end ] --END-- [ RunTime:0.001001s ]

[ 2016-11-12T00:44:43+08:00 ] 127.0.0.1 /index.php/Home/Service/service/coun_id/1/city_id/1.html
INFO: [ app_init ] --START--
INFO: Run Behavior\BuildLiteBehavior [ RunTime:0.000000s ]
INFO: [ app_init ] --END-- [ RunTime:0.000000s ]
INFO: [ app_begin ] --START--
INFO: Run Behavior\ReadHtmlCacheBehavior [ RunTime:0.000000s ]
INFO: [ app_begin ] --END-- [ RunTime:0.000000s ]
SQL: SHOW COLUMNS FROM `country` [ RunTime:0.0040s ]
SQL: SELECT * FROM `country`  [ RunTime:0.0000s ]
SQL: SHOW COLUMNS FROM `city` [ RunTime:0.0050s ]
SQL: SELECT * FROM `city`  [ RunTime:0.0010s ]
SQL: SHOW COLUMNS FROM `type` [ RunTime:0.0050s ]
SQL: SELECT * FROM `type`  [ RunTime:0.0000s ]
SQL: SHOW COLUMNS FROM `service` [ RunTime:0.0050s ]
SQL: SELECT * FROM `service`  [ RunTime:0.0010s ]
SQL: SELECT * FROM `city` WHERE ( coun_id=1 )  [ RunTime:0.0000s ]
SQL: SELECT * FROM `type` WHERE ( coun_id=1 )  [ RunTime:0.0000s ]
SQL: SELECT * FROM `service` WHERE ( coun_id=1 )  [ RunTime:0.0010s ]
SQL: SELECT * FROM `type` WHERE ( city_id=1 )  [ RunTime:0.0000s ]
SQL: SELECT * FROM `service` WHERE ( city_id=1 )  [ RunTime:0.0000s ]
INFO: [ view_parse ] --START--
INFO: [ template_filter ] --START--
INFO: Run Behavior\ContentReplaceBehavior [ RunTime:0.000000s ]
INFO: [ template_filter ] --END-- [ RunTime:0.000000s ]
NOTIC: [8] Undefined variable: page C:\xampp\htdocs\seeworld111\Application\Runtime\Cache\Home\b17d78e560f31b3a0a3fc331cbe1b539.php 第 130 行.
INFO: Run Behavior\ParseTemplateBehavior [ RunTime:0.018001s ]
INFO: [ view_parse ] --END-- [ RunTime:0.018001s ]
INFO: [ view_filter ] --START--
INFO: Run Behavior\WriteHtmlCacheBehavior [ RunTime:0.001000s ]
INFO: [ view_filter ] --END-- [ RunTime:0.001000s ]
INFO: [ app_end ] --START--
INFO: Run Behavior\ShowPageTraceBehavior [ RunTime:0.000000s ]
INFO: [ app_end ] --END-- [ RunTime:0.001000s ]

[ 2016-11-12T00:44:45+08:00 ] 127.0.0.1 /index.php/Home/Service/service/coun_id/1/city_id/1/type_id/3.html
INFO: [ app_init ] --START--
INFO: Run Behavior\BuildLiteBehavior [ RunTime:0.000000s ]
INFO: [ app_init ] --END-- [ RunTime:0.000000s ]
INFO: [ app_begin ] --START--
INFO: Run Behavior\ReadHtmlCacheBehavior [ RunTime:0.001000s ]
INFO: [ app_begin ] --END-- [ RunTime:0.001000s ]
SQL: SHOW COLUMNS FROM `country` [ RunTime:0.0040s ]
SQL: SELECT * FROM `country`  [ RunTime:0.0000s ]
SQL: SHOW COLUMNS FROM `city` [ RunTime:0.0040s ]
SQL: SELECT * FROM `city`  [ RunTime:0.0000s ]
SQL: SHOW COLUMNS FROM `type` [ RunTime:0.0040s ]
SQL: SELECT * FROM `type`  [ RunTime:0.0000s ]
SQL: SHOW COLUMNS FROM `service` [ RunTime:0.0050s ]
SQL: SELECT * FROM `service`  [ RunTime:0.0010s ]
SQL: SELECT * FROM `city` WHERE ( coun_id=1 )  [ RunTime:0.0000s ]
SQL: SELECT * FROM `type` WHERE ( coun_id=1 )  [ RunTime:0.0010s ]
SQL: SELECT * FROM `service` WHERE ( coun_id=1 )  [ RunTime:0.0000s ]
SQL: SELECT * FROM `type` WHERE ( city_id=1 )  [ RunTime:0.0010s ]
SQL: SELECT * FROM `service` WHERE ( city_id=1 )  [ RunTime:0.0000s ]
SQL: SELECT * FROM `service` WHERE ( t_id=3 )  [ RunTime:0.0000s ]
INFO: [ view_parse ] --START--
INFO: [ template_filter ] --START--
INFO: Run Behavior\ContentReplaceBehavior [ RunTime:0.000000s ]
INFO: [ template_filter ] --END-- [ RunTime:0.000000s ]
NOTIC: [8] Undefined variable: page C:\xampp\htdocs\seeworld111\Application\Runtime\Cache\Home\b17d78e560f31b3a0a3fc331cbe1b539.php 第 130 行.
INFO: Run Behavior\ParseTemplateBehavior [ RunTime:0.018001s ]
INFO: [ view_parse ] --END-- [ RunTime:0.018001s ]
INFO: [ view_filter ] --START--
INFO: Run Behavior\WriteHtmlCacheBehavior [ RunTime:0.001000s ]
INFO: [ view_filter ] --END-- [ RunTime:0.001000s ]
INFO: [ app_end ] --START--
INFO: Run Behavior\ShowPageTraceBehavior [ RunTime:0.001000s ]
INFO: [ app_end ] --END-- [ RunTime:0.001000s ]

[ 2016-11-12T00:44:47+08:00 ] 127.0.0.1 /index.php/Home/Travel/travel.html
INFO: [ app_init ] --START--
INFO: Run Behavior\BuildLiteBehavior [ RunTime:0.000000s ]
INFO: [ app_init ] --END-- [ RunTime:0.000000s ]
INFO: [ app_begin ] --START--
INFO: Run Behavior\ReadHtmlCacheBehavior [ RunTime:0.001000s ]
INFO: [ app_begin ] --END-- [ RunTime:0.001000s ]
SQL: SHOW COLUMNS FROM `travel` [ RunTime:0.0050s ]
SQL: SELECT travel.*,`cat_name` FROM `travel` INNER JOIN cat  ON  travel.cat_id = cat.cat_id    [ RunTime:0.0020s ]
SQL: SHOW COLUMNS FROM `cat` [ RunTime:0.0070s ]
SQL: SELECT * FROM `cat`  [ RunTime:0.0000s ]
NOTIC: [8] Undefined index: cat_id C:\xampp\htdocs\seeworld111\Application\Home\Controller\TravelController.class.php 第 17 行.
SQL: SELECT * FROM `cat` LIMIT 1   [ RunTime:0.0010s ]
NOTIC: [8] Undefined index: cat_id C:\xampp\htdocs\seeworld111\Application\Home\Controller\TravelController.class.php 第 23 行.
INFO: [ view_parse ] --START--
INFO: [ template_filter ] --START--
INFO: Run Behavior\ContentReplaceBehavior [ RunTime:0.000000s ]
INFO: [ template_filter ] --END-- [ RunTime:0.000000s ]
NOTIC: [8] Array to string conversion C:\xampp\htdocs\seeworld111\Application\Runtime\Cache\Home\67dd6de476508246a7963789e19e945e.php 第 31 行.
NOTIC: [8] Array to string conversion C:\xampp\htdocs\seeworld111\Application\Runtime\Cache\Home\67dd6de476508246a7963789e19e945e.php 第 32 行.
INFO: Run Behavior\ParseTemplateBehavior [ RunTime:0.020001s ]
INFO: [ view_parse ] --END-- [ RunTime:0.020001s ]
INFO: [ view_filter ] --START--
INFO: Run Behavior\WriteHtmlCacheBehavior [ RunTime:0.001001s ]
INFO: [ view_filter ] --END-- [ RunTime:0.001001s ]
INFO: [ app_end ] --START--
INFO: Run Behavior\ShowPageTraceBehavior [ RunTime:0.001000s ]
INFO: [ app_end ] --END-- [ RunTime:0.001000s ]

[ 2016-11-12T00:44:48+08:00 ] 127.0.0.1 /index.php/Home/Rec/rec.html
INFO: [ app_init ] --START--
INFO: Run Behavior\BuildLiteBehavior [ RunTime:0.000000s ]
INFO: [ app_init ] --END-- [ RunTime:0.000000s ]
INFO: [ app_begin ] --START--
INFO: Run Behavior\ReadHtmlCacheBehavior [ RunTime:0.001000s ]
INFO: [ app_begin ] --END-- [ RunTime:0.001000s ]
SQL: SHOW COLUMNS FROM `rec` [ RunTime:0.0060s ]
SQL: SELECT * FROM `rec`  [ RunTime:0.0000s ]
SQL: SHOW COLUMNS FROM `article` [ RunTime:0.0040s ]
SQL: SELECT * FROM `article`  [ RunTime:0.0020s ]
SQL: SELECT * FROM `article` ORDER BY a_click desc LIMIT 1   [ RunTime:0.0020s ]
SQL: SELECT * FROM `article` ORDER BY a_click desc LIMIT 1,3   [ RunTime:0.0000s ]
NOTIC: [8] Undefined index: rec_id C:\xampp\htdocs\seeworld111\Application\Home\Controller\RecController.class.php 第 24 行.
SQL: SELECT * FROM `rec` WHERE `rec_id` = 0 LIMIT 1   [ RunTime:0.0010s ]
NOTIC: [8] Undefined index: rec_id C:\xampp\htdocs\seeworld111\Application\Home\Controller\RecController.class.php 第 31 行.
INFO: [ view_parse ] --START--
INFO: [ template_filter ] --START--
INFO: Run Behavior\ContentReplaceBehavior [ RunTime:0.001000s ]
INFO: [ template_filter ] --END-- [ RunTime:0.001000s ]
NOTIC: [8] Array to string conversion C:\xampp\htdocs\seeworld111\Application\Runtime\Cache\Home\d3633c4ffdb499216e98cdc2de776179.php 第 31 行.
NOTIC: [8] Array to string conversion C:\xampp\htdocs\seeworld111\Application\Runtime\Cache\Home\d3633c4ffdb499216e98cdc2de776179.php 第 32 行.
NOTIC: [8] Use of undefined constant a_id - assumed 'a_id' C:\xampp\htdocs\seeworld111\Application\Runtime\Cache\Home\d3633c4ffdb499216e98cdc2de776179.php 第 108 行.
NOTIC: [8] Use of undefined constant a_img - assumed 'a_img' C:\xampp\htdocs\seeworld111\Application\Runtime\Cache\Home\d3633c4ffdb499216e98cdc2de776179.php 第 109 行.
NOTIC: [8] Use of undefined constant a_name - assumed 'a_name' C:\xampp\htdocs\seeworld111\Application\Runtime\Cache\Home\d3633c4ffdb499216e98cdc2de776179.php 第 110 行.
INFO: Run Behavior\ParseTemplateBehavior [ RunTime:0.024001s ]
INFO: [ view_parse ] --END-- [ RunTime:0.024001s ]
INFO: [ view_filter ] --START--
INFO: Run Behavior\WriteHtmlCacheBehavior [ RunTime:0.000000s ]
INFO: [ view_filter ] --END-- [ RunTime:0.000000s ]
INFO: [ app_end ] --START--
INFO: Run Behavior\ShowPageTraceBehavior [ RunTime:0.001000s ]
INFO: [ app_end ] --END-- [ RunTime:0.001000s ]

[ 2016-11-12T00:44:49+08:00 ] 127.0.0.1 /index.php/Home/Rec/images/ewm.jpg
INFO: [ app_init ] --START--
INFO: Run Behavior\BuildLiteBehavior [ RunTime:0.000000s ]
INFO: [ app_init ] --END-- [ RunTime:0.000000s ]

[ 2016-11-12T00:44:49+08:00 ] 127.0.0.1 /
INFO: [ app_init ] --START--
INFO: Run Behavior\BuildLiteBehavior [ RunTime:0.000000s ]
INFO: [ app_init ] --END-- [ RunTime:0.001000s ]
INFO: [ app_begin ] --START--
INFO: Run Behavior\ReadHtmlCacheBehavior [ RunTime:0.001000s ]
INFO: [ app_begin ] --END-- [ RunTime:0.001000s ]
SQL: SHOW COLUMNS FROM `lunbo` [ RunTime:0.0050s ]
SQL: SELECT * FROM `lunbo` WHERE ( lun_show=1 ) ORDER BY lun_id desc LIMIT 0,3   [ RunTime:0.0000s ]
SQL: SHOW COLUMNS FROM `travel` [ RunTime:0.0060s ]
SQL: SELECT * FROM `travel` WHERE ( is_vip=1 ) ORDER BY tra_id desc LIMIT 0,4   [ RunTime:0.0010s ]
SQL: SELECT * FROM `travel` ORDER BY tra_id desc LIMIT 0,4   [ RunTime:0.0010s ]
SQL: SHOW COLUMNS FROM `article` [ RunTime:0.0060s ]
SQL: SELECT * FROM `article` WHERE ( a_status=1 ) ORDER BY a_id desc LIMIT 0,4   [ RunTime:0.0010s ]
INFO: [ view_parse ] --START--
INFO: [ template_filter ] --START--
INFO: Run Behavior\ContentReplaceBehavior [ RunTime:0.000000s ]
INFO: [ template_filter ] --END-- [ RunTime:0.000000s ]
NOTIC: [8] Array to string conversion C:\xampp\htdocs\seeworld111\Application\Runtime\Cache\Home\2a94b8bda04ff446dcedd42276fc99ee.php 第 45 行.
NOTIC: [8] Array to string conversion C:\xampp\htdocs\seeworld111\Application\Runtime\Cache\Home\2a94b8bda04ff446dcedd42276fc99ee.php 第 46 行.
INFO: Run Behavior\ParseTemplateBehavior [ RunTime:0.026001s ]
INFO: [ view_parse ] --END-- [ RunTime:0.026001s ]
INFO: [ view_filter ] --START--
INFO: Run Behavior\WriteHtmlCacheBehavior [ RunTime:0.000000s ]
INFO: [ view_filter ] --END-- [ RunTime:0.031002s ]
INFO: [ app_end ] --START--
INFO: Run Behavior\ShowPageTraceBehavior [ RunTime:0.002000s ]
INFO: [ app_end ] --END-- [ RunTime:0.002000s ]

[ 2016-11-12T00:44:49+08:00 ] 127.0.0.1 /index.php/Home/Rec/images/ewm.jpg
INFO: [ app_init ] --START--
INFO: Run Behavior\BuildLiteBehavior [ RunTime:0.000000s ]
INFO: [ app_init ] --END-- [ RunTime:0.000000s ]

[ 2016-11-12T00:44:50+08:00 ] 127.0.0.1 /index.php/Home/About/about.html
INFO: [ app_init ] --START--
INFO: Run Behavior\BuildLiteBehavior [ RunTime:0.000000s ]
INFO: [ app_init ] --END-- [ RunTime:0.000000s ]
INFO: [ app_begin ] --START--
INFO: Run Behavior\ReadHtmlCacheBehavior [ RunTime:0.000000s ]
INFO: [ app_begin ] --END-- [ RunTime:0.000000s ]
INFO: [ view_parse ] --START--
INFO: [ template_filter ] --START--
INFO: Run Behavior\ContentReplaceBehavior [ RunTime:0.000000s ]
INFO: [ template_filter ] --END-- [ RunTime:0.000000s ]
INFO: Run Behavior\ParseTemplateBehavior [ RunTime:0.018001s ]
INFO: [ view_parse ] --END-- [ RunTime:0.018001s ]
INFO: [ view_filter ] --START--
INFO: Run Behavior\WriteHtmlCacheBehavior [ RunTime:0.001000s ]
INFO: [ view_filter ] --END-- [ RunTime:0.001000s ]
INFO: [ app_end ] --START--
INFO: Run Behavior\ShowPageTraceBehavior [ RunTime:0.001000s ]
INFO: [ app_end ] --END-- [ RunTime:0.002000s ]

[ 2016-11-12T00:44:51+08:00 ] 127.0.0.1 /index.php/Home/About/favicon.ico
INFO: [ app_init ] --START--
INFO: Run Behavior\BuildLiteBehavior [ RunTime:0.000000s ]
INFO: [ app_init ] --END-- [ RunTime:0.000000s ]

[ 2016-11-12T00:47:04+08:00 ] 127.0.0.1 /index.php/Home/About/about.html
INFO: [ app_init ] --START--
INFO: Run Behavior\BuildLiteBehavior [ RunTime:0.000000s ]
INFO: [ app_init ] --END-- [ RunTime:0.000000s ]
INFO: [ app_begin ] --START--
INFO: Run Behavior\ReadHtmlCacheBehavior [ RunTime:0.001000s ]
INFO: [ app_begin ] --END-- [ RunTime:0.001000s ]
INFO: [ view_parse ] --START--
INFO: [ template_filter ] --START--
INFO: Run Behavior\ContentReplaceBehavior [ RunTime:0.000000s ]
INFO: [ template_filter ] --END-- [ RunTime:0.000000s ]
INFO: Run Behavior\ParseTemplateBehavior [ RunTime:0.013001s ]
INFO: [ view_parse ] --END-- [ RunTime:0.013001s ]
INFO: [ view_filter ] --START--
INFO: Run Behavior\WriteHtmlCacheBehavior [ RunTime:0.001000s ]
INFO: [ view_filter ] --END-- [ RunTime:0.001000s ]
INFO: [ app_end ] --START--
INFO: Run Behavior\ShowPageTraceBehavior [ RunTime:0.001000s ]
INFO: [ app_end ] --END-- [ RunTime:0.001000s ]

[ 2016-11-12T00:47:08+08:00 ] 127.0.0.1 /index.php/Home/User/login.html
INFO: [ app_init ] --START--
INFO: Run Behavior\BuildLiteBehavior [ RunTime:0.000000s ]
INFO: [ app_init ] --END-- [ RunTime:0.000000s ]
INFO: [ app_begin ] --START--
INFO: Run Behavior\ReadHtmlCacheBehavior [ RunTime:0.001000s ]
INFO: [ app_begin ] --END-- [ RunTime:0.001000s ]
SQL: SHOW COLUMNS FROM `user` [ RunTime:0.0050s ]
INFO: [ view_parse ] --START--
INFO: [ template_filter ] --START--
INFO: Run Behavior\ContentReplaceBehavior [ RunTime:0.000000s ]
INFO: [ template_filter ] --END-- [ RunTime:0.000000s ]
INFO: Run Behavior\ParseTemplateBehavior [ RunTime:0.008001s ]
INFO: [ view_parse ] --END-- [ RunTime:0.009001s ]
INFO: [ view_filter ] --START--
INFO: Run Behavior\WriteHtmlCacheBehavior [ RunTime:0.000000s ]
INFO: [ view_filter ] --END-- [ RunTime:0.001000s ]
INFO: [ app_end ] --START--
INFO: Run Behavior\ShowPageTraceBehavior [ RunTime:0.001000s ]
INFO: [ app_end ] --END-- [ RunTime:0.001000s ]

[ 2016-11-12T00:47:09+08:00 ] 127.0.0.1 /index.php/Home/User/jquery.js
INFO: [ app_init ] --START--
INFO: Run Behavior\BuildLiteBehavior [ RunTime:0.000000s ]
INFO: [ app_init ] --END-- [ RunTime:0.000000s ]
INFO: [ app_begin ] --START--
INFO: Run Behavior\ReadHtmlCacheBehavior [ RunTime:0.001000s ]
INFO: [ app_begin ] --END-- [ RunTime:0.001000s ]
SQL: SHOW COLUMNS FROM `user` [ RunTime:0.0040s ]
ERR: 非法操作:jquery.js

[ 2016-11-12T00:47:09+08:00 ] 127.0.0.1 /index.php/Home/User/userVerify.html
INFO: [ app_init ] --START--
INFO: Run Behavior\BuildLiteBehavior [ RunTime:0.000000s ]
INFO: [ app_init ] --END-- [ RunTime:0.000000s ]
INFO: [ app_begin ] --START--
INFO: Run Behavior\ReadHtmlCacheBehavior [ RunTime:0.001000s ]
INFO: [ app_begin ] --END-- [ RunTime:0.001000s ]
SQL: SHOW COLUMNS FROM `user` [ RunTime:0.0050s ]
INFO: [ app_end ] --START--
INFO: Run Behavior\ShowPageTraceBehavior [ RunTime:0.001000s ]
INFO: [ app_end ] --END-- [ RunTime:0.001000s ]

[ 2016-11-12T00:47:09+08:00 ] 127.0.0.1 /index.php/Home/User/jquery.js
INFO: [ app_init ] --START--
INFO: Run Behavior\BuildLiteBehavior [ RunTime:0.000000s ]
INFO: [ app_init ] --END-- [ RunTime:0.000000s ]
INFO: [ app_begin ] --START--
INFO: Run Behavior\ReadHtmlCacheBehavior [ RunTime:0.001000s ]
INFO: [ app_begin ] --END-- [ RunTime:0.001000s ]
SQL: SHOW COLUMNS FROM `user` [ RunTime:0.0050s ]
ERR: 非法操作:jquery.js

[ 2016-11-12T00:47:45+08:00 ] 127.0.0.1 /
INFO: [ app_init ] --START--
INFO: Run Behavior\BuildLiteBehavior [ RunTime:0.000000s ]
INFO: [ app_init ] --END-- [ RunTime:0.001000s ]
INFO: [ app_begin ] --START--
INFO: Run Behavior\ReadHtmlCacheBehavior [ RunTime:0.001000s ]
INFO: [ app_begin ] --END-- [ RunTime:0.001000s ]
SQL: SHOW COLUMNS FROM `lunbo` [ RunTime:0.0040s ]
SQL: SELECT * FROM `lunbo` WHERE ( lun_show=1 ) ORDER BY lun_id desc LIMIT 0,3   [ RunTime:0.0000s ]
SQL: SHOW COLUMNS FROM `travel` [ RunTime:0.0050s ]
SQL: SELECT * FROM `travel` WHERE ( is_vip=1 ) ORDER BY tra_id desc LIMIT 0,4   [ RunTime:0.0010s ]
SQL: SELECT * FROM `travel` ORDER BY tra_id desc LIMIT 0,4   [ RunTime:0.0000s ]
SQL: SHOW COLUMNS FROM `article` [ RunTime:0.0050s ]
SQL: SELECT * FROM `article` WHERE ( a_status=1 ) ORDER BY a_id desc LIMIT 0,4   [ RunTime:0.0000s ]
INFO: [ view_parse ] --START--
INFO: [ template_filter ] --START--
INFO: Run Behavior\ContentReplaceBehavior [ RunTime:0.000000s ]
INFO: [ template_filter ] --END-- [ RunTime:0.000000s ]
NOTIC: [8] Array to string conversion C:\xampp\htdocs\seeworld111\Application\Runtime\Cache\Home\2a94b8bda04ff446dcedd42276fc99ee.php 第 45 行.
NOTIC: [8] Array to string conversion C:\xampp\htdocs\seeworld111\Application\Runtime\Cache\Home\2a94b8bda04ff446dcedd42276fc99ee.php 第 46 行.
INFO: Run Behavior\ParseTemplateBehavior [ RunTime:0.024001s ]
INFO: [ view_parse ] --END-- [ RunTime:0.024001s ]
INFO: [ view_filter ] --START--
INFO: Run Behavior\WriteHtmlCacheBehavior [ RunTime:0.000000s ]
INFO: [ view_filter ] --END-- [ RunTime:0.000000s ]
INFO: [ app_end ] --START--
INFO: Run Behavior\ShowPageTraceBehavior [ RunTime:0.000000s ]
INFO: [ app_end ] --END-- [ RunTime:0.000000s ]

[ 2016-11-12T01:25:11+08:00 ] 127.0.0.1 /index.php/home/login/login.html
INFO: [ app_init ] --START--
INFO: Run Behavior\BuildLiteBehavior [ RunTime:0.001001s ]
INFO: [ app_init ] --END-- [ RunTime:0.001001s ]
INFO: [ app_begin ] --START--
INFO: Run Behavior\ReadHtmlCacheBehavior [ RunTime:0.001000s ]
INFO: [ app_begin ] --END-- [ RunTime:0.001000s ]
ERR: 无法加载控制器:Login

[ 2016-11-12T02:02:45+08:00 ] 127.0.0.1 /
INFO: [ app_init ] --START--
INFO: Run Behavior\BuildLiteBehavior [ RunTime:0.000000s ]
INFO: [ app_init ] --END-- [ RunTime:0.000000s ]
INFO: [ app_begin ] --START--
INFO: Run Behavior\ReadHtmlCacheBehavior [ RunTime:0.001000s ]
INFO: [ app_begin ] --END-- [ RunTime:0.001000s ]
SQL: SHOW COLUMNS FROM `lunbo` [ RunTime:0.0030s ]
SQL: SELECT * FROM `lunbo` WHERE ( lun_show=1 ) ORDER BY lun_id desc LIMIT 0,3   [ RunTime:0.0000s ]
SQL: SHOW COLUMNS FROM `travel` [ RunTime:0.0040s ]
SQL: SELECT * FROM `travel` WHERE ( is_vip=1 ) ORDER BY tra_id desc LIMIT 0,4   [ RunTime:0.0000s ]
SQL: SELECT * FROM `travel` ORDER BY tra_id desc LIMIT 0,4   [ RunTime:0.0000s ]
SQL: SHOW COLUMNS FROM `article` [ RunTime:0.0040s ]
SQL: SELECT * FROM `article` WHERE ( a_status=1 ) ORDER BY a_id desc LIMIT 0,4   [ RunTime:0.0000s ]
INFO: [ view_parse ] --START--
INFO: [ template_filter ] --START--
INFO: Run Behavior\ContentReplaceBehavior [ RunTime:0.001000s ]
INFO: [ template_filter ] --END-- [ RunTime:0.001000s ]
NOTIC: [8] Array to string conversion C:\xampp\htdocs\seeworld111\Application\Runtime\Cache\Home\2a94b8bda04ff446dcedd42276fc99ee.php 第 45 行.
NOTIC: [8] Array to string conversion C:\xampp\htdocs\seeworld111\Application\Runtime\Cache\Home\2a94b8bda04ff446dcedd42276fc99ee.php 第 46 行.
INFO: Run Behavior\ParseTemplateBehavior [ RunTime:0.022001s ]
INFO: [ view_parse ] --END-- [ RunTime:0.022001s ]
INFO: [ view_filter ] --START--
INFO: Run Behavior\WriteHtmlCacheBehavior [ RunTime:0.001000s ]
INFO: [ view_filter ] --END-- [ RunTime:0.001000s ]
INFO: [ app_end ] --START--
INFO: Run Behavior\ShowPageTraceBehavior [ RunTime:0.001000s ]
INFO: [ app_end ] --END-- [ RunTime:0.001000s ]

[ 2016-11-12T02:16:42+08:00 ] 127.0.0.1 /
INFO: [ app_init ] --START--
INFO: Run Behavior\BuildLiteBehavior [ RunTime:0.000000s ]
INFO: [ app_init ] --END-- [ RunTime:0.000000s ]
INFO: [ app_begin ] --START--
INFO: Run Behavior\ReadHtmlCacheBehavior [ RunTime:0.007001s ]
INFO: [ app_begin ] --END-- [ RunTime:0.007001s ]
SQL: SHOW COLUMNS FROM `lunbo` [ RunTime:0.0050s ]
SQL: SELECT * FROM `lunbo` WHERE ( lun_show=1 ) ORDER BY lun_id desc LIMIT 0,3   [ RunTime:0.0000s ]
SQL: SHOW COLUMNS FROM `travel` [ RunTime:0.0070s ]
SQL: SELECT * FROM `travel` WHERE ( is_vip=1 ) ORDER BY tra_id desc LIMIT 0,4   [ RunTime:0.0010s ]
SQL: SELECT * FROM `travel` ORDER BY tra_id desc LIMIT 0,4   [ RunTime:0.0000s ]
SQL: SHOW COLUMNS FROM `article` [ RunTime:0.0040s ]
SQL: SELECT * FROM `article` WHERE ( a_status=1 ) ORDER BY a_id desc LIMIT 0,4   [ RunTime:0.0010s ]
INFO: [ view_parse ] --START--
INFO: [ template_filter ] --START--
INFO: Run Behavior\ContentReplaceBehavior [ RunTime:0.001000s ]
INFO: [ template_filter ] --END-- [ RunTime:0.001000s ]
NOTIC: [8] Array to string conversion C:\xampp\htdocs\seeworld111\Application\Runtime\Cache\Home\2a94b8bda04ff446dcedd42276fc99ee.php 第 45 行.
NOTIC: [8] Array to string conversion C:\xampp\htdocs\seeworld111\Application\Runtime\Cache\Home\2a94b8bda04ff446dcedd42276fc99ee.php 第 46 行.
INFO: Run Behavior\ParseTemplateBehavior [ RunTime:0.030002s ]
INFO: [ view_parse ] --END-- [ RunTime:0.030002s ]
INFO: [ view_filter ] --START--
INFO: Run Behavior\WriteHtmlCacheBehavior [ RunTime:0.002000s ]
INFO: [ view_filter ] --END-- [ RunTime:0.002000s ]
INFO: [ app_end ] --START--
INFO: Run Behavior\ShowPageTraceBehavior [ RunTime:0.003000s ]
INFO: [ app_end ] --END-- [ RunTime:0.003000s ]

[ 2016-11-12T02:24:00+08:00 ] 127.0.0.1 /index.php/home/login/login.html
INFO: [ app_init ] --START--
INFO: Run Behavior\BuildLiteBehavior [ RunTime:0.000000s ]
INFO: [ app_init ] --END-- [ RunTime:0.000000s ]
INFO: [ app_begin ] --START--
INFO: Run Behavior\ReadHtmlCacheBehavior [ RunTime:0.001000s ]
INFO: [ app_begin ] --END-- [ RunTime:0.001000s ]
ERR: 无法加载控制器:Login

[ 2016-11-12T02:25:09+08:00 ] 127.0.0.1 /index.php/
INFO: [ app_init ] --START--
INFO: Run Behavior\BuildLiteBehavior [ RunTime:0.000000s ]
INFO: [ app_init ] --END-- [ RunTime:0.000000s ]
INFO: [ app_begin ] --START--
INFO: Run Behavior\ReadHtmlCacheBehavior [ RunTime:0.001000s ]
INFO: [ app_begin ] --END-- [ RunTime:0.001000s ]
SQL: SHOW COLUMNS FROM `lunbo` [ RunTime:0.0200s ]
SQL: SELECT * FROM `lunbo` WHERE ( lun_show=1 ) ORDER BY lun_id desc LIMIT 0,3   [ RunTime:0.0010s ]
SQL: SHOW COLUMNS FROM `travel` [ RunTime:0.0080s ]
SQL: SELECT * FROM `travel` WHERE ( is_vip=1 ) ORDER BY tra_id desc LIMIT 0,4   [ RunTime:0.0020s ]
SQL: SELECT * FROM `travel` ORDER BY tra_id desc LIMIT 0,4   [ RunTime:0.0000s ]
SQL: SHOW COLUMNS FROM `article` [ RunTime:0.0080s ]
SQL: SELECT * FROM `article` WHERE ( a_status=1 ) ORDER BY a_id desc LIMIT 0,4   [ RunTime:0.0010s ]
INFO: [ view_parse ] --START--
INFO: [ template_filter ] --START--
INFO: Run Behavior\ContentReplaceBehavior [ RunTime:0.000000s ]
INFO: [ template_filter ] --END-- [ RunTime:0.000000s ]
NOTIC: [8] Array to string conversion C:\xampp\htdocs\seeworld111\Application\Runtime\Cache\Home\2a94b8bda04ff446dcedd42276fc99ee.php 第 45 行.
NOTIC: [8] Array to string conversion C:\xampp\htdocs\seeworld111\Application\Runtime\Cache\Home\2a94b8bda04ff446dcedd42276fc99ee.php 第 46 行.
INFO: Run Behavior\ParseTemplateBehavior [ RunTime:0.042003s ]
INFO: [ view_parse ] --END-- [ RunTime:0.042003s ]
INFO: [ view_filter ] --START--
INFO: Run Behavior\WriteHtmlCacheBehavior [ RunTime:0.001000s ]
INFO: [ view_filter ] --END-- [ RunTime:0.001000s ]
INFO: [ app_end ] --START--
INFO: Run Behavior\ShowPageTraceBehavior [ RunTime:0.001000s ]
INFO: [ app_end ] --END-- [ RunTime:0.001000s ]

[ 2016-11-12T09:10:49+08:00 ] 127.0.0.1 /
INFO: [ app_init ] --START--
INFO: Run Behavior\BuildLiteBehavior [ RunTime:0.000000s ]
INFO: [ app_init ] --END-- [ RunTime:0.000000s ]
INFO: [ app_begin ] --START--
INFO: Run Behavior\ReadHtmlCacheBehavior [ RunTime:0.000000s ]
INFO: [ app_begin ] --END-- [ RunTime:0.000000s ]
SQL: SHOW COLUMNS FROM `lunbo` [ RunTime:0.0156s ]
SQL: SELECT * FROM `lunbo` WHERE ( lun_show=1 ) ORDER BY lun_id desc LIMIT 0,3   [ RunTime:0.0000s ]
SQL: SHOW COLUMNS FROM `travel` [ RunTime:0.0156s ]
SQL: SELECT * FROM `travel` WHERE ( is_vip=1 ) ORDER BY tra_id desc LIMIT 0,4   [ RunTime:0.0000s ]
SQL: SELECT * FROM `travel` ORDER BY tra_id desc LIMIT 0,4   [ RunTime:0.0000s ]
SQL: SHOW COLUMNS FROM `article` [ RunTime:0.0156s ]
SQL: SELECT * FROM `article` WHERE ( a_status=1 ) ORDER BY a_id desc LIMIT 0,4   [ RunTime:0.0000s ]
INFO: [ view_parse ] --START--
INFO: [ template_filter ] --START--
INFO: Run Behavior\ContentReplaceBehavior [ RunTime:0.000000s ]
INFO: [ template_filter ] --END-- [ RunTime:0.000000s ]
NOTIC: [8] Array to string conversion C:\xampp\htdocs\seeworld111\Application\Runtime\Cache\Home\2a94b8bda04ff446dcedd42276fc99ee.php 第 45 行.
NOTIC: [8] Array to string conversion C:\xampp\htdocs\seeworld111\Application\Runtime\Cache\Home\2a94b8bda04ff446dcedd42276fc99ee.php 第 46 行.
INFO: Run Behavior\ParseTemplateBehavior [ RunTime:0.015600s ]
INFO: [ view_parse ] --END-- [ RunTime:0.015600s ]
INFO: [ view_filter ] --START--
INFO: Run Behavior\WriteHtmlCacheBehavior [ RunTime:0.015600s ]
INFO: [ view_filter ] --END-- [ RunTime:0.015600s ]
INFO: [ app_end ] --START--
INFO: Run Behavior\ShowPageTraceBehavior [ RunTime:0.000000s ]
INFO: [ app_end ] --END-- [ RunTime:0.000000s ]

[ 2016-11-12T09:10:58+08:00 ] 127.0.0.1 /index.php/Home/User/login.html
INFO: [ app_init ] --START--
INFO: Run Behavior\BuildLiteBehavior [ RunTime:0.000000s ]
INFO: [ app_init ] --END-- [ RunTime:0.001000s ]
INFO: [ app_begin ] --START--
INFO: Run Behavior\ReadHtmlCacheBehavior [ RunTime:0.001000s ]
INFO: [ app_begin ] --END-- [ RunTime:0.001000s ]
SQL: SHOW COLUMNS FROM `user` [ RunTime:0.0060s ]
INFO: [ view_parse ] --START--
INFO: [ template_filter ] --START--
INFO: Run Behavior\ContentReplaceBehavior [ RunTime:0.000000s ]
INFO: [ template_filter ] --END-- [ RunTime:0.000000s ]
INFO: Run Behavior\ParseTemplateBehavior [ RunTime:0.009000s ]
INFO: [ view_parse ] --END-- [ RunTime:0.009000s ]
INFO: [ view_filter ] --START--
INFO: Run Behavior\WriteHtmlCacheBehavior [ RunTime:0.001000s ]
INFO: [ view_filter ] --END-- [ RunTime:0.001000s ]
INFO: [ app_end ] --START--
INFO: Run Behavior\ShowPageTraceBehavior [ RunTime:0.001000s ]
INFO: [ app_end ] --END-- [ RunTime:0.001000s ]

[ 2016-11-12T09:10:58+08:00 ] 127.0.0.1 /index.php/Home/User/jquery.js
INFO: [ app_init ] --START--
INFO: Run Behavior\BuildLiteBehavior [ RunTime:0.000000s ]
INFO: [ app_init ] --END-- [ RunTime:0.000000s ]
INFO: [ app_begin ] --START--
INFO: Run Behavior\ReadHtmlCacheBehavior [ RunTime:0.001000s ]
INFO: [ app_begin ] --END-- [ RunTime:0.001000s ]
SQL: SHOW COLUMNS FROM `user` [ RunTime:0.0050s ]
ERR: 非法操作:jquery.js

[ 2016-11-12T09:10:58+08:00 ] 127.0.0.1 /index.php/Home/User/userVerify.html
INFO: [ app_init ] --START--
INFO: Run Behavior\BuildLiteBehavior [ RunTime:0.000000s ]
INFO: [ app_init ] --END-- [ RunTime:0.000000s ]
INFO: [ app_begin ] --START--
INFO: Run Behavior\ReadHtmlCacheBehavior [ RunTime:0.000000s ]
INFO: [ app_begin ] --END-- [ RunTime:0.000000s ]
SQL: SHOW COLUMNS FROM `user` [ RunTime:0.0060s ]
INFO: [ app_end ] --START--
INFO: Run Behavior\ShowPageTraceBehavior [ RunTime:0.001000s ]
INFO: [ app_end ] --END-- [ RunTime:0.001000s ]

[ 2016-11-12T09:10:58+08:00 ] 127.0.0.1 /index.php/Home/User/jquery.js
INFO: [ app_init ] --START--
INFO: Run Behavior\BuildLiteBehavior [ RunTime:0.000000s ]
INFO: [ app_init ] --END-- [ RunTime:0.000000s ]
INFO: [ app_begin ] --START--
INFO: Run Behavior\ReadHtmlCacheBehavior [ RunTime:0.001000s ]
INFO: [ app_begin ] --END-- [ RunTime:0.001000s ]
SQL: SHOW COLUMNS FROM `user` [ RunTime:0.0040s ]
ERR: 非法操作:jquery.js

[ 2016-11-12T09:11:01+08:00 ] 127.0.0.1 /index.php/Home/User/login.html
INFO: [ app_init ] --START--
INFO: Run Behavior\BuildLiteBehavior [ RunTime:0.000000s ]
INFO: [ app_init ] --END-- [ RunTime:0.000000s ]
INFO: [ app_begin ] --START--
INFO: Run Behavior\ReadHtmlCacheBehavior [ RunTime:0.001000s ]
INFO: [ app_begin ] --END-- [ RunTime:0.001000s ]
SQL: SHOW COLUMNS FROM `user` [ RunTime:0.0050s ]
INFO: [ view_parse ] --START--
INFO: [ template_filter ] --START--
INFO: Run Behavior\ContentReplaceBehavior [ RunTime:0.000000s ]
INFO: [ template_filter ] --END-- [ RunTime:0.000000s ]
INFO: Run Behavior\ParseTemplateBehavior [ RunTime:0.007000s ]
INFO: [ view_parse ] --END-- [ RunTime:0.007000s ]
INFO: [ view_filter ] --START--
INFO: Run Behavior\WriteHtmlCacheBehavior [ RunTime:0.000000s ]
INFO: [ view_filter ] --END-- [ RunTime:0.000000s ]
INFO: [ app_end ] --START--
INFO: Run Behavior\ShowPageTraceBehavior [ RunTime:0.001000s ]
INFO: [ app_end ] --END-- [ RunTime:0.001000s ]

[ 2016-11-12T09:11:01+08:00 ] 127.0.0.1 /index.php/Home/User/jquery.js
INFO: [ app_init ] --START--
INFO: Run Behavior\BuildLiteBehavior [ RunTime:0.000000s ]
INFO: [ app_init ] --END-- [ RunTime:0.000000s ]
INFO: [ app_begin ] --START--
INFO: Run Behavior\ReadHtmlCacheBehavior [ RunTime:0.001000s ]
INFO: [ app_begin ] --END-- [ RunTime:0.001000s ]
SQL: SHOW COLUMNS FROM `user` [ RunTime:0.0050s ]
ERR: 非法操作:jquery.js

[ 2016-11-12T09:11:02+08:00 ] 127.0.0.1 /index.php/Home/User/userVerify.html
INFO: [ app_init ] --START--
INFO: Run Behavior\BuildLiteBehavior [ RunTime:0.000000s ]
INFO: [ app_init ] --END-- [ RunTime:0.000000s ]
INFO: [ app_begin ] --START--
INFO: Run Behavior\ReadHtmlCacheBehavior [ RunTime:0.001000s ]
INFO: [ app_begin ] --END-- [ RunTime:0.001000s ]
SQL: SHOW COLUMNS FROM `user` [ RunTime:0.0070s ]
INFO: [ app_end ] --START--
INFO: Run Behavior\ShowPageTraceBehavior [ RunTime:0.001000s ]
INFO: [ app_end ] --END-- [ RunTime:0.001000s ]

[ 2016-11-12T09:11:02+08:00 ] 127.0.0.1 /index.php/Home/User/jquery.js
INFO: [ app_init ] --START--
INFO: Run Behavior\BuildLiteBehavior [ RunTime:0.000000s ]
INFO: [ app_init ] --END-- [ RunTime:0.000000s ]
INFO: [ app_begin ] --START--
INFO: Run Behavior\ReadHtmlCacheBehavior [ RunTime:0.000000s ]
INFO: [ app_begin ] --END-- [ RunTime:0.000000s ]
SQL: SHOW COLUMNS FROM `user` [ RunTime:0.0040s ]
ERR: 非法操作:jquery.js

[ 2016-11-12T09:11:05+08:00 ] 127.0.0.1 /index.php/Home/User/login.html
INFO: [ app_init ] --START--
INFO: Run Behavior\BuildLiteBehavior [ RunTime:0.000000s ]
INFO: [ app_init ] --END-- [ RunTime:0.000000s ]
INFO: [ app_begin ] --START--
INFO: Run Behavior\ReadHtmlCacheBehavior [ RunTime:0.001000s ]
INFO: [ app_begin ] --END-- [ RunTime:0.001000s ]
SQL: SHOW COLUMNS FROM `user` [ RunTime:0.0060s ]
INFO: [ view_parse ] --START--
INFO: [ template_filter ] --START--
INFO: Run Behavior\ContentReplaceBehavior [ RunTime:0.000000s ]
INFO: [ template_filter ] --END-- [ RunTime:0.000000s ]
INFO: Run Behavior\ParseTemplateBehavior [ RunTime:0.010001s ]
INFO: [ view_parse ] --END-- [ RunTime:0.010001s ]
INFO: [ view_filter ] --START--
INFO: Run Behavior\WriteHtmlCacheBehavior [ RunTime:0.000000s ]
INFO: [ view_filter ] --END-- [ RunTime:0.000000s ]
INFO: [ app_end ] --START--
INFO: Run Behavior\ShowPageTraceBehavior [ RunTime:0.001000s ]
INFO: [ app_end ] --END-- [ RunTime:0.001000s ]

[ 2016-11-12T09:11:05+08:00 ] 127.0.0.1 /index.php/Home/User/jquery.js
INFO: [ app_init ] --START--
INFO: Run Behavior\BuildLiteBehavior [ RunTime:0.000000s ]
INFO: [ app_init ] --END-- [ RunTime:0.000000s ]
INFO: [ app_begin ] --START--
INFO: Run Behavior\ReadHtmlCacheBehavior [ RunTime:0.001000s ]
INFO: [ app_begin ] --END-- [ RunTime:0.001000s ]
SQL: SHOW COLUMNS FROM `user` [ RunTime:0.0050s ]
ERR: 非法操作:jquery.js

[ 2016-11-12T09:11:05+08:00 ] 127.0.0.1 /index.php/Home/User/userVerify.html
INFO: [ app_init ] --START--
INFO: Run Behavior\BuildLiteBehavior [ RunTime:0.000000s ]
INFO: [ app_init ] --END-- [ RunTime:0.000000s ]
INFO: [ app_begin ] --START--
INFO: Run Behavior\ReadHtmlCacheBehavior [ RunTime:0.001000s ]
INFO: [ app_begin ] --END-- [ RunTime:0.001000s ]
SQL: SHOW COLUMNS FROM `user` [ RunTime:0.0050s ]
INFO: [ app_end ] --START--
INFO: Run Behavior\ShowPageTraceBehavior [ RunTime:0.000000s ]
INFO: [ app_end ] --END-- [ RunTime:0.000000s ]

[ 2016-11-12T09:11:05+08:00 ] 127.0.0.1 /index.php/Home/User/jquery.js
INFO: [ app_init ] --START--
INFO: Run Behavior\BuildLiteBehavior [ RunTime:0.000000s ]
INFO: [ app_init ] --END-- [ RunTime:0.000000s ]
INFO: [ app_begin ] --START--
INFO: Run Behavior\ReadHtmlCacheBehavior [ RunTime:0.000000s ]
INFO: [ app_begin ] --END-- [ RunTime:0.000000s ]
SQL: SHOW COLUMNS FROM `user` [ RunTime:0.0030s ]
ERR: 非法操作:jquery.js

[ 2016-11-12T09:11:10+08:00 ] 127.0.0.1 /index.php/Home/User/login.html
INFO: [ app_init ] --START--
INFO: Run Behavior\BuildLiteBehavior [ RunTime:0.000000s ]
INFO: [ app_init ] --END-- [ RunTime:0.000000s ]
INFO: [ app_begin ] --START--
INFO: Run Behavior\ReadHtmlCacheBehavior [ RunTime:0.001000s ]
INFO: [ app_begin ] --END-- [ RunTime:0.001000s ]
SQL: SHOW COLUMNS FROM `user` [ RunTime:0.0050s ]
INFO: [ view_parse ] --START--
INFO: [ template_filter ] --START--
INFO: Run Behavior\ContentReplaceBehavior [ RunTime:0.001000s ]
INFO: [ template_filter ] --END-- [ RunTime:0.001000s ]
INFO: Run Behavior\ParseTemplateBehavior [ RunTime:0.008001s ]
INFO: [ view_parse ] --END-- [ RunTime:0.009001s ]
INFO: [ view_filter ] --START--
INFO: Run Behavior\WriteHtmlCacheBehavior [ RunTime:0.000000s ]
INFO: [ view_filter ] --END-- [ RunTime:0.000000s ]
INFO: [ app_end ] --START--
INFO: Run Behavior\ShowPageTraceBehavior [ RunTime:0.000000s ]
INFO: [ app_end ] --END-- [ RunTime:0.000000s ]

[ 2016-11-12T09:11:10+08:00 ] 127.0.0.1 /index.php/Home/User/jquery.js
INFO: [ app_init ] --START--
INFO: Run Behavior\BuildLiteBehavior [ RunTime:0.000000s ]
INFO: [ app_init ] --END-- [ RunTime:0.000000s ]
INFO: [ app_begin ] --START--
INFO: Run Behavior\ReadHtmlCacheBehavior [ RunTime:0.000000s ]
INFO: [ app_begin ] --END-- [ RunTime:0.001000s ]
SQL: SHOW COLUMNS FROM `user` [ RunTime:0.0050s ]
ERR: 非法操作:jquery.js

[ 2016-11-12T09:11:10+08:00 ] 127.0.0.1 /index.php/Home/User/userVerify.html
INFO: [ app_init ] --START--
INFO: Run Behavior\BuildLiteBehavior [ RunTime:0.000000s ]
INFO: [ app_init ] --END-- [ RunTime:0.000000s ]
INFO: [ app_begin ] --START--
INFO: Run Behavior\ReadHtmlCacheBehavior [ RunTime:0.000000s ]
INFO: [ app_begin ] --END-- [ RunTime:0.000000s ]
SQL: SHOW COLUMNS FROM `user` [ RunTime:0.0030s ]
INFO: [ app_end ] --START--
INFO: Run Behavior\ShowPageTraceBehavior [ RunTime:0.000000s ]
INFO: [ app_end ] --END-- [ RunTime:0.000000s ]

[ 2016-11-12T09:11:10+08:00 ] 127.0.0.1 /index.php/Home/User/jquery.js
INFO: [ app_init ] --START--
INFO: Run Behavior\BuildLiteBehavior [ RunTime:0.000000s ]
INFO: [ app_init ] --END-- [ RunTime:0.000000s ]
INFO: [ app_begin ] --START--
INFO: Run Behavior\ReadHtmlCacheBehavior [ RunTime:0.001000s ]
INFO: [ app_begin ] --END-- [ RunTime:0.001000s ]
SQL: SHOW COLUMNS FROM `user` [ RunTime:0.0080s ]
ERR: 非法操作:jquery.js

[ 2016-11-12T09:13:03+08:00 ] 127.0.0.1 /index.php/home/login/login.html
INFO: [ app_init ] --START--
INFO: Run Behavior\BuildLiteBehavior [ RunTime:0.000000s ]
INFO: [ app_init ] --END-- [ RunTime:0.000000s ]
INFO: [ app_begin ] --START--
INFO: Run Behavior\ReadHtmlCacheBehavior [ RunTime:0.001000s ]
INFO: [ app_begin ] --END-- [ RunTime:0.001000s ]
ERR: 无法加载控制器:Login

[ 2016-11-12T09:14:51+08:00 ] 127.0.0.1 /index.php/home/login/login.html
INFO: [ app_init ] --START--
INFO: Run Behavior\BuildLiteBehavior [ RunTime:0.000000s ]
INFO: [ app_init ] --END-- [ RunTime:0.000000s ]
INFO: [ app_begin ] --START--
INFO: Run Behavior\ReadHtmlCacheBehavior [ RunTime:0.001000s ]
INFO: [ app_begin ] --END-- [ RunTime:0.001000s ]
ERR: 无法加载控制器:Login

[ 2016-11-12T09:33:25+08:00 ] ::1 /seeworld222/
INFO: [ app_init ] --START--
INFO: Run Behavior\BuildLiteBehavior [ RunTime:0.000016s ]
INFO: [ app_init ] --END-- [ RunTime:0.000086s ]
INFO: [ app_begin ] --START--
INFO: Run Behavior\ReadHtmlCacheBehavior [ RunTime:0.000699s ]
INFO: [ app_begin ] --END-- [ RunTime:0.000743s ]
SQL: SHOW COLUMNS FROM `lunbo` [ RunTime:0.0011s ]
SQL: SELECT * FROM `lunbo` WHERE ( lun_show=1 ) ORDER BY lun_id desc LIMIT 0,3   [ RunTime:0.0001s ]
SQL: SHOW COLUMNS FROM `travel` [ RunTime:0.0010s ]
SQL: SELECT * FROM `travel` WHERE ( is_vip=1 ) ORDER BY tra_id desc LIMIT 0,4   [ RunTime:0.0002s ]
SQL: SELECT * FROM `travel` ORDER BY tra_id desc LIMIT 0,4   [ RunTime:0.0001s ]
SQL: SHOW COLUMNS FROM `article` [ RunTime:0.0009s ]
SQL: SELECT * FROM `article` WHERE ( a_status=1 ) ORDER BY a_id desc LIMIT 0,4   [ RunTime:0.0002s ]
INFO: [ view_parse ] --START--
INFO: [ template_filter ] --START--
INFO: Run Behavior\ContentReplaceBehavior [ RunTime:0.000255s ]
INFO: [ template_filter ] --END-- [ RunTime:0.000338s ]
NOTIC: [8] Array to string conversion /Applications/MAMP/htdocs/seeworld222/Application/Runtime/Cache/Home/2a94b8bda04ff446dcedd42276fc99ee.php 第 45 行.
NOTIC: [8] Array to string conversion /Applications/MAMP/htdocs/seeworld222/Application/Runtime/Cache/Home/2a94b8bda04ff446dcedd42276fc99ee.php 第 46 行.
INFO: Run Behavior\ParseTemplateBehavior [ RunTime:0.013904s ]
INFO: [ view_parse ] --END-- [ RunTime:0.013961s ]
INFO: [ view_filter ] --START--
INFO: Run Behavior\WriteHtmlCacheBehavior [ RunTime:0.000498s ]
INFO: [ view_filter ] --END-- [ RunTime:0.000559s ]
INFO: [ app_end ] --START--
INFO: Run Behavior\ShowPageTraceBehavior [ RunTime:0.000827s ]
INFO: [ app_end ] --END-- [ RunTime:0.000881s ]

