[ 2016-12-14T15:49:31+08:00 ] 127.0.0.1 /seeworld/
INFO: [ app_init ] --START--
INFO: Run Behavior\BuildLiteBehavior [ RunTime:0.000022s ]
INFO: [ app_init ] --END-- [ RunTime:0.002338s ]
INFO: [ app_begin ] --START--
INFO: Run Behavior\ReadHtmlCacheBehavior [ RunTime:0.000946s ]
INFO: [ app_begin ] --END-- [ RunTime:0.000992s ]
SQL: SHOW COLUMNS FROM `lunbo` [ RunTime:0.0105s ]
SQL: SELECT * FROM `lunbo` WHERE ( lun_show=1 ) ORDER BY lun_id desc LIMIT 0,3   [ RunTime:0.0031s ]
SQL: SHOW COLUMNS FROM `travel` [ RunTime:0.0014s ]
SQL: SELECT * FROM `travel` WHERE ( is_vip=1 ) ORDER BY tra_id desc LIMIT 0,4   [ RunTime:0.0006s ]
SQL: SELECT * FROM `travel` ORDER BY tra_id desc LIMIT 0,4   [ RunTime:0.0002s ]
SQL: SHOW COLUMNS FROM `article` [ RunTime:0.0010s ]
SQL: SELECT * FROM `article` WHERE ( a_status=1 ) ORDER BY a_id desc LIMIT 0,4   [ RunTime:0.0023s ]
INFO: [ view_parse ] --START--
INFO: [ template_filter ] --START--
INFO: Run Behavior\ContentReplaceBehavior [ RunTime:0.000884s ]
INFO: [ template_filter ] --END-- [ RunTime:0.000978s ]
NOTIC: [8] Use of undefined constant cat_id - assumed 'cat_id' /Applications/MAMP/htdocs/seeworld/Application/Runtime/Cache/Home/2a94b8bda04ff446dcedd42276fc99ee.php 第 114 行.
NOTIC: [8] Use of undefined constant lun_path - assumed 'lun_path' /Applications/MAMP/htdocs/seeworld/Application/Runtime/Cache/Home/2a94b8bda04ff446dcedd42276fc99ee.php 第 115 行.
NOTIC: [8] Use of undefined constant cat_id - assumed 'cat_id' /Applications/MAMP/htdocs/seeworld/Application/Runtime/Cache/Home/2a94b8bda04ff446dcedd42276fc99ee.php 第 114 行.
NOTIC: [8] Use of undefined constant lun_path - assumed 'lun_path' /Applications/MAMP/htdocs/seeworld/Application/Runtime/Cache/Home/2a94b8bda04ff446dcedd42276fc99ee.php 第 115 行.
NOTIC: [8] Use of undefined constant cat_id - assumed 'cat_id' /Applications/MAMP/htdocs/seeworld/Application/Runtime/Cache/Home/2a94b8bda04ff446dcedd42276fc99ee.php 第 114 行.
NOTIC: [8] Use of undefined constant lun_path - assumed 'lun_path' /Applications/MAMP/htdocs/seeworld/Application/Runtime/Cache/Home/2a94b8bda04ff446dcedd42276fc99ee.php 第 115 行.
NOTIC: [8] Use of undefined constant tra_id - assumed 'tra_id' /Applications/MAMP/htdocs/seeworld/Application/Runtime/Cache/Home/2a94b8bda04ff446dcedd42276fc99ee.php 第 144 行.
NOTIC: [8] Use of undefined constant tra_thumb - assumed 'tra_thumb' /Applications/MAMP/htdocs/seeworld/Application/Runtime/Cache/Home/2a94b8bda04ff446dcedd42276fc99ee.php 第 145 行.
NOTIC: [8] Use of undefined constant tra_name - assumed 'tra_name' /Applications/MAMP/htdocs/seeworld/Application/Runtime/Cache/Home/2a94b8bda04ff446dcedd42276fc99ee.php 第 147 行.
NOTIC: [8] Use of undefined constant tra_id - assumed 'tra_id' /Applications/MAMP/htdocs/seeworld/Application/Runtime/Cache/Home/2a94b8bda04ff446dcedd42276fc99ee.php 第 144 行.
NOTIC: [8] Use of undefined constant tra_thumb - assumed 'tra_thumb' /Applications/MAMP/htdocs/seeworld/Application/Runtime/Cache/Home/2a94b8bda04ff446dcedd42276fc99ee.php 第 145 行.
NOTIC: [8] Use of undefined constant tra_name - assumed 'tra_name' /Applications/MAMP/htdocs/seeworld/Application/Runtime/Cache/Home/2a94b8bda04ff446dcedd42276fc99ee.php 第 147 行.
NOTIC: [8] Use of undefined constant tra_id - assumed 'tra_id' /Applications/MAMP/htdocs/seeworld/Application/Runtime/Cache/Home/2a94b8bda04ff446dcedd42276fc99ee.php 第 144 行.
NOTIC: [8] Use of undefined constant tra_thumb - assumed 'tra_thumb' /Applications/MAMP/htdocs/seeworld/Application/Runtime/Cache/Home/2a94b8bda04ff446dcedd42276fc99ee.php 第 145 行.
NOTIC: [8] Use of undefined constant tra_name - assumed 'tra_name' /Applications/MAMP/htdocs/seeworld/Application/Runtime/Cache/Home/2a94b8bda04ff446dcedd42276fc99ee.php 第 147 行.
NOTIC: [8] Use of undefined constant tra_id - assumed 'tra_id' /Applications/MAMP/htdocs/seeworld/Application/Runtime/Cache/Home/2a94b8bda04ff446dcedd42276fc99ee.php 第 144 行.
NOTIC: [8] Use of undefined constant tra_thumb - assumed 'tra_thumb' /Applications/MAMP/htdocs/seeworld/Application/Runtime/Cache/Home/2a94b8bda04ff446dcedd42276fc99ee.php 第 145 行.
NOTIC: [8] Use of undefined constant tra_name - assumed 'tra_name' /Applications/MAMP/htdocs/seeworld/Application/Runtime/Cache/Home/2a94b8bda04ff446dcedd42276fc99ee.php 第 147 行.
NOTIC: [8] Use of undefined constant tra_id - assumed 'tra_id' /Applications/MAMP/htdocs/seeworld/Application/Runtime/Cache/Home/2a94b8bda04ff446dcedd42276fc99ee.php 第 160 行.
NOTIC: [8] Use of undefined constant tra_thumb - assumed 'tra_thumb' /Applications/MAMP/htdocs/seeworld/Application/Runtime/Cache/Home/2a94b8bda04ff446dcedd42276fc99ee.php 第 161 行.
NOTIC: [8] Use of undefined constant tra_name - assumed 'tra_name' /Applications/MAMP/htdocs/seeworld/Application/Runtime/Cache/Home/2a94b8bda04ff446dcedd42276fc99ee.php 第 163 行.
NOTIC: [8] Use of undefined constant tra_price - assumed 'tra_price' /Applications/MAMP/htdocs/seeworld/Application/Runtime/Cache/Home/2a94b8bda04ff446dcedd42276fc99ee.php 第 164 行.
NOTIC: [8] Use of undefined constant tra_id - assumed 'tra_id' /Applications/MAMP/htdocs/seeworld/Application/Runtime/Cache/Home/2a94b8bda04ff446dcedd42276fc99ee.php 第 160 行.
NOTIC: [8] Use of undefined constant tra_thumb - assumed 'tra_thumb' /Applications/MAMP/htdocs/seeworld/Application/Runtime/Cache/Home/2a94b8bda04ff446dcedd42276fc99ee.php 第 161 行.
NOTIC: [8] Use of undefined constant tra_name - assumed 'tra_name' /Applications/MAMP/htdocs/seeworld/Application/Runtime/Cache/Home/2a94b8bda04ff446dcedd42276fc99ee.php 第 163 行.
NOTIC: [8] Use of undefined constant tra_price - assumed 'tra_price' /Applications/MAMP/htdocs/seeworld/Application/Runtime/Cache/Home/2a94b8bda04ff446dcedd42276fc99ee.php 第 164 行.
NOTIC: [8] Use of undefined constant tra_id - assumed 'tra_id' /Applications/MAMP/htdocs/seeworld/Application/Runtime/Cache/Home/2a94b8bda04ff446dcedd42276fc99ee.php 第 160 行.
NOTIC: [8] Use of undefined constant tra_thumb - assumed 'tra_thumb' /Applications/MAMP/htdocs/seeworld/Application/Runtime/Cache/Home/2a94b8bda04ff446dcedd42276fc99ee.php 第 161 行.
NOTIC: [8] Use of undefined constant tra_name - assumed 'tra_name' /Applications/MAMP/htdocs/seeworld/Application/Runtime/Cache/Home/2a94b8bda04ff446dcedd42276fc99ee.php 第 163 行.
NOTIC: [8] Use of undefined constant tra_price - assumed 'tra_price' /Applications/MAMP/htdocs/seeworld/Application/Runtime/Cache/Home/2a94b8bda04ff446dcedd42276fc99ee.php 第 164 行.
NOTIC: [8] Use of undefined constant tra_id - assumed 'tra_id' /Applications/MAMP/htdocs/seeworld/Application/Runtime/Cache/Home/2a94b8bda04ff446dcedd42276fc99ee.php 第 160 行.
NOTIC: [8] Use of undefined constant tra_thumb - assumed 'tra_thumb' /Applications/MAMP/htdocs/seeworld/Application/Runtime/Cache/Home/2a94b8bda04ff446dcedd42276fc99ee.php 第 161 行.
NOTIC: [8] Use of undefined constant tra_name - assumed 'tra_name' /Applications/MAMP/htdocs/seeworld/Application/Runtime/Cache/Home/2a94b8bda04ff446dcedd42276fc99ee.php 第 163 行.
NOTIC: [8] Use of undefined constant tra_price - assumed 'tra_price' /Applications/MAMP/htdocs/seeworld/Application/Runtime/Cache/Home/2a94b8bda04ff446dcedd42276fc99ee.php 第 164 行.
NOTIC: [8] Use of undefined constant a_id - assumed 'a_id' /Applications/MAMP/htdocs/seeworld/Application/Runtime/Cache/Home/2a94b8bda04ff446dcedd42276fc99ee.php 第 215 行.
NOTIC: [8] Use of undefined constant a_img - assumed 'a_img' /Applications/MAMP/htdocs/seeworld/Application/Runtime/Cache/Home/2a94b8bda04ff446dcedd42276fc99ee.php 第 216 行.
NOTIC: [8] Use of undefined constant a_name - assumed 'a_name' /Applications/MAMP/htdocs/seeworld/Application/Runtime/Cache/Home/2a94b8bda04ff446dcedd42276fc99ee.php 第 219 行.
NOTIC: [8] Use of undefined constant a_id - assumed 'a_id' /Applications/MAMP/htdocs/seeworld/Application/Runtime/Cache/Home/2a94b8bda04ff446dcedd42276fc99ee.php 第 215 行.
NOTIC: [8] Use of undefined constant a_img - assumed 'a_img' /Applications/MAMP/htdocs/seeworld/Application/Runtime/Cache/Home/2a94b8bda04ff446dcedd42276fc99ee.php 第 216 行.
NOTIC: [8] Use of undefined constant a_name - assumed 'a_name' /Applications/MAMP/htdocs/seeworld/Application/Runtime/Cache/Home/2a94b8bda04ff446dcedd42276fc99ee.php 第 219 行.
NOTIC: [8] Use of undefined constant a_id - assumed 'a_id' /Applications/MAMP/htdocs/seeworld/Application/Runtime/Cache/Home/2a94b8bda04ff446dcedd42276fc99ee.php 第 215 行.
NOTIC: [8] Use of undefined constant a_img - assumed 'a_img' /Applications/MAMP/htdocs/seeworld/Application/Runtime/Cache/Home/2a94b8bda04ff446dcedd42276fc99ee.php 第 216 行.
NOTIC: [8] Use of undefined constant a_name - assumed 'a_name' /Applications/MAMP/htdocs/seeworld/Application/Runtime/Cache/Home/2a94b8bda04ff446dcedd42276fc99ee.php 第 219 行.
NOTIC: [8] Use of undefined constant a_id - assumed 'a_id' /Applications/MAMP/htdocs/seeworld/Application/Runtime/Cache/Home/2a94b8bda04ff446dcedd42276fc99ee.php 第 215 行.
NOTIC: [8] Use of undefined constant a_img - assumed 'a_img' /Applications/MAMP/htdocs/seeworld/Application/Runtime/Cache/Home/2a94b8bda04ff446dcedd42276fc99ee.php 第 216 行.
NOTIC: [8] Use of undefined constant a_name - assumed 'a_name' /Applications/MAMP/htdocs/seeworld/Application/Runtime/Cache/Home/2a94b8bda04ff446dcedd42276fc99ee.php 第 219 行.
INFO: Run Behavior\ParseTemplateBehavior [ RunTime:0.026132s ]
INFO: [ view_parse ] --END-- [ RunTime:0.026213s ]
INFO: [ view_filter ] --START--
INFO: Run Behavior\WriteHtmlCacheBehavior [ RunTime:0.000516s ]
INFO: [ view_filter ] --END-- [ RunTime:0.000572s ]
INFO: [ app_end ] --START--
INFO: Run Behavior\ShowPageTraceBehavior [ RunTime:0.000953s ]
INFO: [ app_end ] --END-- [ RunTime:0.001013s ]

[ 2016-12-14T15:50:07+08:00 ] 127.0.0.1 /seeworld/
INFO: [ app_init ] --START--
INFO: Run Behavior\BuildLiteBehavior [ RunTime:0.000020s ]
INFO: [ app_init ] --END-- [ RunTime:0.000164s ]
INFO: [ app_begin ] --START--
INFO: Run Behavior\ReadHtmlCacheBehavior [ RunTime:0.000561s ]
INFO: [ app_begin ] --END-- [ RunTime:0.000629s ]
SQL: SHOW COLUMNS FROM `lunbo` [ RunTime:0.0012s ]
SQL: SELECT * FROM `lunbo` WHERE ( lun_show=1 ) ORDER BY lun_id desc LIMIT 0,3   [ RunTime:0.0002s ]
SQL: SHOW COLUMNS FROM `travel` [ RunTime:0.0017s ]
SQL: SELECT * FROM `travel` WHERE ( is_vip=1 ) ORDER BY tra_id desc LIMIT 0,4   [ RunTime:0.0003s ]
SQL: SELECT * FROM `travel` ORDER BY tra_id desc LIMIT 0,4   [ RunTime:0.0002s ]
SQL: SHOW COLUMNS FROM `article` [ RunTime:0.0012s ]
SQL: SELECT * FROM `article` WHERE ( a_status=1 ) ORDER BY a_id desc LIMIT 0,4   [ RunTime:0.0004s ]
INFO: [ view_parse ] --START--
INFO: [ template_filter ] --START--
INFO: Run Behavior\ContentReplaceBehavior [ RunTime:0.000204s ]
INFO: [ template_filter ] --END-- [ RunTime:0.000276s ]
NOTIC: [8] Use of undefined constant cat_id - assumed 'cat_id' /Applications/MAMP/htdocs/seeworld/Application/Runtime/Cache/Home/2a94b8bda04ff446dcedd42276fc99ee.php 第 114 行.
NOTIC: [8] Use of undefined constant lun_path - assumed 'lun_path' /Applications/MAMP/htdocs/seeworld/Application/Runtime/Cache/Home/2a94b8bda04ff446dcedd42276fc99ee.php 第 115 行.
NOTIC: [8] Use of undefined constant cat_id - assumed 'cat_id' /Applications/MAMP/htdocs/seeworld/Application/Runtime/Cache/Home/2a94b8bda04ff446dcedd42276fc99ee.php 第 114 行.
NOTIC: [8] Use of undefined constant lun_path - assumed 'lun_path' /Applications/MAMP/htdocs/seeworld/Application/Runtime/Cache/Home/2a94b8bda04ff446dcedd42276fc99ee.php 第 115 行.
NOTIC: [8] Use of undefined constant cat_id - assumed 'cat_id' /Applications/MAMP/htdocs/seeworld/Application/Runtime/Cache/Home/2a94b8bda04ff446dcedd42276fc99ee.php 第 114 行.
NOTIC: [8] Use of undefined constant lun_path - assumed 'lun_path' /Applications/MAMP/htdocs/seeworld/Application/Runtime/Cache/Home/2a94b8bda04ff446dcedd42276fc99ee.php 第 115 行.
NOTIC: [8] Use of undefined constant tra_id - assumed 'tra_id' /Applications/MAMP/htdocs/seeworld/Application/Runtime/Cache/Home/2a94b8bda04ff446dcedd42276fc99ee.php 第 144 行.
NOTIC: [8] Use of undefined constant tra_thumb - assumed 'tra_thumb' /Applications/MAMP/htdocs/seeworld/Application/Runtime/Cache/Home/2a94b8bda04ff446dcedd42276fc99ee.php 第 145 行.
NOTIC: [8] Use of undefined constant tra_name - assumed 'tra_name' /Applications/MAMP/htdocs/seeworld/Application/Runtime/Cache/Home/2a94b8bda04ff446dcedd42276fc99ee.php 第 147 行.
NOTIC: [8] Use of undefined constant tra_id - assumed 'tra_id' /Applications/MAMP/htdocs/seeworld/Application/Runtime/Cache/Home/2a94b8bda04ff446dcedd42276fc99ee.php 第 144 行.
NOTIC: [8] Use of undefined constant tra_thumb - assumed 'tra_thumb' /Applications/MAMP/htdocs/seeworld/Application/Runtime/Cache/Home/2a94b8bda04ff446dcedd42276fc99ee.php 第 145 行.
NOTIC: [8] Use of undefined constant tra_name - assumed 'tra_name' /Applications/MAMP/htdocs/seeworld/Application/Runtime/Cache/Home/2a94b8bda04ff446dcedd42276fc99ee.php 第 147 行.
NOTIC: [8] Use of undefined constant tra_id - assumed 'tra_id' /Applications/MAMP/htdocs/seeworld/Application/Runtime/Cache/Home/2a94b8bda04ff446dcedd42276fc99ee.php 第 144 行.
NOTIC: [8] Use of undefined constant tra_thumb - assumed 'tra_thumb' /Applications/MAMP/htdocs/seeworld/Application/Runtime/Cache/Home/2a94b8bda04ff446dcedd42276fc99ee.php 第 145 行.
NOTIC: [8] Use of undefined constant tra_name - assumed 'tra_name' /Applications/MAMP/htdocs/seeworld/Application/Runtime/Cache/Home/2a94b8bda04ff446dcedd42276fc99ee.php 第 147 行.
NOTIC: [8] Use of undefined constant tra_id - assumed 'tra_id' /Applications/MAMP/htdocs/seeworld/Application/Runtime/Cache/Home/2a94b8bda04ff446dcedd42276fc99ee.php 第 144 行.
NOTIC: [8] Use of undefined constant tra_thumb - assumed 'tra_thumb' /Applications/MAMP/htdocs/seeworld/Application/Runtime/Cache/Home/2a94b8bda04ff446dcedd42276fc99ee.php 第 145 行.
NOTIC: [8] Use of undefined constant tra_name - assumed 'tra_name' /Applications/MAMP/htdocs/seeworld/Application/Runtime/Cache/Home/2a94b8bda04ff446dcedd42276fc99ee.php 第 147 行.
NOTIC: [8] Use of undefined constant tra_id - assumed 'tra_id' /Applications/MAMP/htdocs/seeworld/Application/Runtime/Cache/Home/2a94b8bda04ff446dcedd42276fc99ee.php 第 160 行.
NOTIC: [8] Use of undefined constant tra_thumb - assumed 'tra_thumb' /Applications/MAMP/htdocs/seeworld/Application/Runtime/Cache/Home/2a94b8bda04ff446dcedd42276fc99ee.php 第 161 行.
NOTIC: [8] Use of undefined constant tra_name - assumed 'tra_name' /Applications/MAMP/htdocs/seeworld/Application/Runtime/Cache/Home/2a94b8bda04ff446dcedd42276fc99ee.php 第 163 行.
NOTIC: [8] Use of undefined constant tra_price - assumed 'tra_price' /Applications/MAMP/htdocs/seeworld/Application/Runtime/Cache/Home/2a94b8bda04ff446dcedd42276fc99ee.php 第 164 行.
NOTIC: [8] Use of undefined constant tra_id - assumed 'tra_id' /Applications/MAMP/htdocs/seeworld/Application/Runtime/Cache/Home/2a94b8bda04ff446dcedd42276fc99ee.php 第 160 行.
NOTIC: [8] Use of undefined constant tra_thumb - assumed 'tra_thumb' /Applications/MAMP/htdocs/seeworld/Application/Runtime/Cache/Home/2a94b8bda04ff446dcedd42276fc99ee.php 第 161 行.
NOTIC: [8] Use of undefined constant tra_name - assumed 'tra_name' /Applications/MAMP/htdocs/seeworld/Application/Runtime/Cache/Home/2a94b8bda04ff446dcedd42276fc99ee.php 第 163 行.
NOTIC: [8] Use of undefined constant tra_price - assumed 'tra_price' /Applications/MAMP/htdocs/seeworld/Application/Runtime/Cache/Home/2a94b8bda04ff446dcedd42276fc99ee.php 第 164 行.
NOTIC: [8] Use of undefined constant tra_id - assumed 'tra_id' /Applications/MAMP/htdocs/seeworld/Application/Runtime/Cache/Home/2a94b8bda04ff446dcedd42276fc99ee.php 第 160 行.
NOTIC: [8] Use of undefined constant tra_thumb - assumed 'tra_thumb' /Applications/MAMP/htdocs/seeworld/Application/Runtime/Cache/Home/2a94b8bda04ff446dcedd42276fc99ee.php 第 161 行.
NOTIC: [8] Use of undefined constant tra_name - assumed 'tra_name' /Applications/MAMP/htdocs/seeworld/Application/Runtime/Cache/Home/2a94b8bda04ff446dcedd42276fc99ee.php 第 163 行.
NOTIC: [8] Use of undefined constant tra_price - assumed 'tra_price' /Applications/MAMP/htdocs/seeworld/Application/Runtime/Cache/Home/2a94b8bda04ff446dcedd42276fc99ee.php 第 164 行.
NOTIC: [8] Use of undefined constant tra_id - assumed 'tra_id' /Applications/MAMP/htdocs/seeworld/Application/Runtime/Cache/Home/2a94b8bda04ff446dcedd42276fc99ee.php 第 160 行.
NOTIC: [8] Use of undefined constant tra_thumb - assumed 'tra_thumb' /Applications/MAMP/htdocs/seeworld/Application/Runtime/Cache/Home/2a94b8bda04ff446dcedd42276fc99ee.php 第 161 行.
NOTIC: [8] Use of undefined constant tra_name - assumed 'tra_name' /Applications/MAMP/htdocs/seeworld/Application/Runtime/Cache/Home/2a94b8bda04ff446dcedd42276fc99ee.php 第 163 行.
NOTIC: [8] Use of undefined constant tra_price - assumed 'tra_price' /Applications/MAMP/htdocs/seeworld/Application/Runtime/Cache/Home/2a94b8bda04ff446dcedd42276fc99ee.php 第 164 行.
NOTIC: [8] Use of undefined constant a_id - assumed 'a_id' /Applications/MAMP/htdocs/seeworld/Application/Runtime/Cache/Home/2a94b8bda04ff446dcedd42276fc99ee.php 第 215 行.
NOTIC: [8] Use of undefined constant a_img - assumed 'a_img' /Applications/MAMP/htdocs/seeworld/Application/Runtime/Cache/Home/2a94b8bda04ff446dcedd42276fc99ee.php 第 216 行.
NOTIC: [8] Use of undefined constant a_name - assumed 'a_name' /Applications/MAMP/htdocs/seeworld/Application/Runtime/Cache/Home/2a94b8bda04ff446dcedd42276fc99ee.php 第 219 行.
NOTIC: [8] Use of undefined constant a_id - assumed 'a_id' /Applications/MAMP/htdocs/seeworld/Application/Runtime/Cache/Home/2a94b8bda04ff446dcedd42276fc99ee.php 第 215 行.
NOTIC: [8] Use of undefined constant a_img - assumed 'a_img' /Applications/MAMP/htdocs/seeworld/Application/Runtime/Cache/Home/2a94b8bda04ff446dcedd42276fc99ee.php 第 216 行.
NOTIC: [8] Use of undefined constant a_name - assumed 'a_name' /Applications/MAMP/htdocs/seeworld/Application/Runtime/Cache/Home/2a94b8bda04ff446dcedd42276fc99ee.php 第 219 行.
NOTIC: [8] Use of undefined constant a_id - assumed 'a_id' /Applications/MAMP/htdocs/seeworld/Application/Runtime/Cache/Home/2a94b8bda04ff446dcedd42276fc99ee.php 第 215 行.
NOTIC: [8] Use of undefined constant a_img - assumed 'a_img' /Applications/MAMP/htdocs/seeworld/Application/Runtime/Cache/Home/2a94b8bda04ff446dcedd42276fc99ee.php 第 216 行.
NOTIC: [8] Use of undefined constant a_name - assumed 'a_name' /Applications/MAMP/htdocs/seeworld/Application/Runtime/Cache/Home/2a94b8bda04ff446dcedd42276fc99ee.php 第 219 行.
NOTIC: [8] Use of undefined constant a_id - assumed 'a_id' /Applications/MAMP/htdocs/seeworld/Application/Runtime/Cache/Home/2a94b8bda04ff446dcedd42276fc99ee.php 第 215 行.
NOTIC: [8] Use of undefined constant a_img - assumed 'a_img' /Applications/MAMP/htdocs/seeworld/Application/Runtime/Cache/Home/2a94b8bda04ff446dcedd42276fc99ee.php 第 216 行.
NOTIC: [8] Use of undefined constant a_name - assumed 'a_name' /Applications/MAMP/htdocs/seeworld/Application/Runtime/Cache/Home/2a94b8bda04ff446dcedd42276fc99ee.php 第 219 行.
INFO: Run Behavior\ParseTemplateBehavior [ RunTime:0.014173s ]
INFO: [ view_parse ] --END-- [ RunTime:0.014241s ]
INFO: [ view_filter ] --START--
INFO: Run Behavior\WriteHtmlCacheBehavior [ RunTime:0.000225s ]
INFO: [ view_filter ] --END-- [ RunTime:0.000265s ]
INFO: [ app_end ] --START--
INFO: Run Behavior\ShowPageTraceBehavior [ RunTime:0.000624s ]
INFO: [ app_end ] --END-- [ RunTime:0.000678s ]

[ 2016-12-14T15:51:11+08:00 ] 127.0.0.1 /seeworld/index.php
INFO: [ app_init ] --START--
INFO: Run Behavior\BuildLiteBehavior [ RunTime:0.000017s ]
INFO: [ app_init ] --END-- [ RunTime:0.000149s ]
INFO: [ app_begin ] --START--
INFO: Run Behavior\ReadHtmlCacheBehavior [ RunTime:0.000693s ]
INFO: [ app_begin ] --END-- [ RunTime:0.000788s ]
SQL: SHOW COLUMNS FROM `lunbo` [ RunTime:0.0013s ]
SQL: SELECT * FROM `lunbo` WHERE ( lun_show=1 ) ORDER BY lun_id desc LIMIT 0,3   [ RunTime:0.0004s ]
SQL: SHOW COLUMNS FROM `travel` [ RunTime:0.0014s ]
SQL: SELECT * FROM `travel` WHERE ( is_vip=1 ) ORDER BY tra_id desc LIMIT 0,4   [ RunTime:0.0002s ]
SQL: SELECT * FROM `travel` ORDER BY tra_id desc LIMIT 0,4   [ RunTime:0.0002s ]
SQL: SHOW COLUMNS FROM `article` [ RunTime:0.0009s ]
SQL: SELECT * FROM `article` WHERE ( a_status=1 ) ORDER BY a_id desc LIMIT 0,4   [ RunTime:0.0003s ]
INFO: [ view_parse ] --START--
INFO: [ template_filter ] --START--
INFO: Run Behavior\ContentReplaceBehavior [ RunTime:0.000196s ]
INFO: [ template_filter ] --END-- [ RunTime:0.000261s ]
NOTIC: [8] Use of undefined constant cat_id - assumed 'cat_id' /Applications/MAMP/htdocs/seeworld/Application/Runtime/Cache/Home/2a94b8bda04ff446dcedd42276fc99ee.php 第 114 行.
NOTIC: [8] Use of undefined constant lun_path - assumed 'lun_path' /Applications/MAMP/htdocs/seeworld/Application/Runtime/Cache/Home/2a94b8bda04ff446dcedd42276fc99ee.php 第 115 行.
NOTIC: [8] Use of undefined constant cat_id - assumed 'cat_id' /Applications/MAMP/htdocs/seeworld/Application/Runtime/Cache/Home/2a94b8bda04ff446dcedd42276fc99ee.php 第 114 行.
NOTIC: [8] Use of undefined constant lun_path - assumed 'lun_path' /Applications/MAMP/htdocs/seeworld/Application/Runtime/Cache/Home/2a94b8bda04ff446dcedd42276fc99ee.php 第 115 行.
NOTIC: [8] Use of undefined constant cat_id - assumed 'cat_id' /Applications/MAMP/htdocs/seeworld/Application/Runtime/Cache/Home/2a94b8bda04ff446dcedd42276fc99ee.php 第 114 行.
NOTIC: [8] Use of undefined constant lun_path - assumed 'lun_path' /Applications/MAMP/htdocs/seeworld/Application/Runtime/Cache/Home/2a94b8bda04ff446dcedd42276fc99ee.php 第 115 行.
NOTIC: [8] Use of undefined constant tra_id - assumed 'tra_id' /Applications/MAMP/htdocs/seeworld/Application/Runtime/Cache/Home/2a94b8bda04ff446dcedd42276fc99ee.php 第 144 行.
NOTIC: [8] Use of undefined constant tra_thumb - assumed 'tra_thumb' /Applications/MAMP/htdocs/seeworld/Application/Runtime/Cache/Home/2a94b8bda04ff446dcedd42276fc99ee.php 第 145 行.
NOTIC: [8] Use of undefined constant tra_name - assumed 'tra_name' /Applications/MAMP/htdocs/seeworld/Application/Runtime/Cache/Home/2a94b8bda04ff446dcedd42276fc99ee.php 第 147 行.
NOTIC: [8] Use of undefined constant tra_id - assumed 'tra_id' /Applications/MAMP/htdocs/seeworld/Application/Runtime/Cache/Home/2a94b8bda04ff446dcedd42276fc99ee.php 第 144 行.
NOTIC: [8] Use of undefined constant tra_thumb - assumed 'tra_thumb' /Applications/MAMP/htdocs/seeworld/Application/Runtime/Cache/Home/2a94b8bda04ff446dcedd42276fc99ee.php 第 145 行.
NOTIC: [8] Use of undefined constant tra_name - assumed 'tra_name' /Applications/MAMP/htdocs/seeworld/Application/Runtime/Cache/Home/2a94b8bda04ff446dcedd42276fc99ee.php 第 147 行.
NOTIC: [8] Use of undefined constant tra_id - assumed 'tra_id' /Applications/MAMP/htdocs/seeworld/Application/Runtime/Cache/Home/2a94b8bda04ff446dcedd42276fc99ee.php 第 144 行.
NOTIC: [8] Use of undefined constant tra_thumb - assumed 'tra_thumb' /Applications/MAMP/htdocs/seeworld/Application/Runtime/Cache/Home/2a94b8bda04ff446dcedd42276fc99ee.php 第 145 行.
NOTIC: [8] Use of undefined constant tra_name - assumed 'tra_name' /Applications/MAMP/htdocs/seeworld/Application/Runtime/Cache/Home/2a94b8bda04ff446dcedd42276fc99ee.php 第 147 行.
NOTIC: [8] Use of undefined constant tra_id - assumed 'tra_id' /Applications/MAMP/htdocs/seeworld/Application/Runtime/Cache/Home/2a94b8bda04ff446dcedd42276fc99ee.php 第 144 行.
NOTIC: [8] Use of undefined constant tra_thumb - assumed 'tra_thumb' /Applications/MAMP/htdocs/seeworld/Application/Runtime/Cache/Home/2a94b8bda04ff446dcedd42276fc99ee.php 第 145 行.
NOTIC: [8] Use of undefined constant tra_name - assumed 'tra_name' /Applications/MAMP/htdocs/seeworld/Application/Runtime/Cache/Home/2a94b8bda04ff446dcedd42276fc99ee.php 第 147 行.
NOTIC: [8] Use of undefined constant tra_id - assumed 'tra_id' /Applications/MAMP/htdocs/seeworld/Application/Runtime/Cache/Home/2a94b8bda04ff446dcedd42276fc99ee.php 第 160 行.
NOTIC: [8] Use of undefined constant tra_thumb - assumed 'tra_thumb' /Applications/MAMP/htdocs/seeworld/Application/Runtime/Cache/Home/2a94b8bda04ff446dcedd42276fc99ee.php 第 161 行.
NOTIC: [8] Use of undefined constant tra_name - assumed 'tra_name' /Applications/MAMP/htdocs/seeworld/Application/Runtime/Cache/Home/2a94b8bda04ff446dcedd42276fc99ee.php 第 163 行.
NOTIC: [8] Use of undefined constant tra_price - assumed 'tra_price' /Applications/MAMP/htdocs/seeworld/Application/Runtime/Cache/Home/2a94b8bda04ff446dcedd42276fc99ee.php 第 164 行.
NOTIC: [8] Use of undefined constant tra_id - assumed 'tra_id' /Applications/MAMP/htdocs/seeworld/Application/Runtime/Cache/Home/2a94b8bda04ff446dcedd42276fc99ee.php 第 160 行.
NOTIC: [8] Use of undefined constant tra_thumb - assumed 'tra_thumb' /Applications/MAMP/htdocs/seeworld/Application/Runtime/Cache/Home/2a94b8bda04ff446dcedd42276fc99ee.php 第 161 行.
NOTIC: [8] Use of undefined constant tra_name - assumed 'tra_name' /Applications/MAMP/htdocs/seeworld/Application/Runtime/Cache/Home/2a94b8bda04ff446dcedd42276fc99ee.php 第 163 行.
NOTIC: [8] Use of undefined constant tra_price - assumed 'tra_price' /Applications/MAMP/htdocs/seeworld/Application/Runtime/Cache/Home/2a94b8bda04ff446dcedd42276fc99ee.php 第 164 行.
NOTIC: [8] Use of undefined constant tra_id - assumed 'tra_id' /Applications/MAMP/htdocs/seeworld/Application/Runtime/Cache/Home/2a94b8bda04ff446dcedd42276fc99ee.php 第 160 行.
NOTIC: [8] Use of undefined constant tra_thumb - assumed 'tra_thumb' /Applications/MAMP/htdocs/seeworld/Application/Runtime/Cache/Home/2a94b8bda04ff446dcedd42276fc99ee.php 第 161 行.
NOTIC: [8] Use of undefined constant tra_name - assumed 'tra_name' /Applications/MAMP/htdocs/seeworld/Application/Runtime/Cache/Home/2a94b8bda04ff446dcedd42276fc99ee.php 第 163 行.
NOTIC: [8] Use of undefined constant tra_price - assumed 'tra_price' /Applications/MAMP/htdocs/seeworld/Application/Runtime/Cache/Home/2a94b8bda04ff446dcedd42276fc99ee.php 第 164 行.
NOTIC: [8] Use of undefined constant tra_id - assumed 'tra_id' /Applications/MAMP/htdocs/seeworld/Application/Runtime/Cache/Home/2a94b8bda04ff446dcedd42276fc99ee.php 第 160 行.
NOTIC: [8] Use of undefined constant tra_thumb - assumed 'tra_thumb' /Applications/MAMP/htdocs/seeworld/Application/Runtime/Cache/Home/2a94b8bda04ff446dcedd42276fc99ee.php 第 161 行.
NOTIC: [8] Use of undefined constant tra_name - assumed 'tra_name' /Applications/MAMP/htdocs/seeworld/Application/Runtime/Cache/Home/2a94b8bda04ff446dcedd42276fc99ee.php 第 163 行.
NOTIC: [8] Use of undefined constant tra_price - assumed 'tra_price' /Applications/MAMP/htdocs/seeworld/Application/Runtime/Cache/Home/2a94b8bda04ff446dcedd42276fc99ee.php 第 164 行.
NOTIC: [8] Use of undefined constant a_id - assumed 'a_id' /Applications/MAMP/htdocs/seeworld/Application/Runtime/Cache/Home/2a94b8bda04ff446dcedd42276fc99ee.php 第 215 行.
NOTIC: [8] Use of undefined constant a_img - assumed 'a_img' /Applications/MAMP/htdocs/seeworld/Application/Runtime/Cache/Home/2a94b8bda04ff446dcedd42276fc99ee.php 第 216 行.
NOTIC: [8] Use of undefined constant a_name - assumed 'a_name' /Applications/MAMP/htdocs/seeworld/Application/Runtime/Cache/Home/2a94b8bda04ff446dcedd42276fc99ee.php 第 219 行.
NOTIC: [8] Use of undefined constant a_id - assumed 'a_id' /Applications/MAMP/htdocs/seeworld/Application/Runtime/Cache/Home/2a94b8bda04ff446dcedd42276fc99ee.php 第 215 行.
NOTIC: [8] Use of undefined constant a_img - assumed 'a_img' /Applications/MAMP/htdocs/seeworld/Application/Runtime/Cache/Home/2a94b8bda04ff446dcedd42276fc99ee.php 第 216 行.
NOTIC: [8] Use of undefined constant a_name - assumed 'a_name' /Applications/MAMP/htdocs/seeworld/Application/Runtime/Cache/Home/2a94b8bda04ff446dcedd42276fc99ee.php 第 219 行.
NOTIC: [8] Use of undefined constant a_id - assumed 'a_id' /Applications/MAMP/htdocs/seeworld/Application/Runtime/Cache/Home/2a94b8bda04ff446dcedd42276fc99ee.php 第 215 行.
NOTIC: [8] Use of undefined constant a_img - assumed 'a_img' /Applications/MAMP/htdocs/seeworld/Application/Runtime/Cache/Home/2a94b8bda04ff446dcedd42276fc99ee.php 第 216 行.
NOTIC: [8] Use of undefined constant a_name - assumed 'a_name' /Applications/MAMP/htdocs/seeworld/Application/Runtime/Cache/Home/2a94b8bda04ff446dcedd42276fc99ee.php 第 219 行.
NOTIC: [8] Use of undefined constant a_id - assumed 'a_id' /Applications/MAMP/htdocs/seeworld/Application/Runtime/Cache/Home/2a94b8bda04ff446dcedd42276fc99ee.php 第 215 行.
NOTIC: [8] Use of undefined constant a_img - assumed 'a_img' /Applications/MAMP/htdocs/seeworld/Application/Runtime/Cache/Home/2a94b8bda04ff446dcedd42276fc99ee.php 第 216 行.
NOTIC: [8] Use of undefined constant a_name - assumed 'a_name' /Applications/MAMP/htdocs/seeworld/Application/Runtime/Cache/Home/2a94b8bda04ff446dcedd42276fc99ee.php 第 219 行.
INFO: Run Behavior\ParseTemplateBehavior [ RunTime:0.015264s ]
INFO: [ view_parse ] --END-- [ RunTime:0.015311s ]
INFO: [ view_filter ] --START--
INFO: Run Behavior\WriteHtmlCacheBehavior [ RunTime:0.000142s ]
INFO: [ view_filter ] --END-- [ RunTime:0.000180s ]
INFO: [ app_end ] --START--
INFO: Run Behavior\ShowPageTraceBehavior [ RunTime:0.000565s ]
INFO: [ app_end ] --END-- [ RunTime:0.000611s ]

