[ 2017-01-20T22:25:06+08:00 ] 127.0.0.1 /seeworld/
INFO: [ app_init ] --START--
INFO: Run Behavior\BuildLiteBehavior [ RunTime:0.000023s ]
INFO: [ app_init ] --END-- [ RunTime:0.004028s ]
INFO: [ app_begin ] --START--
INFO: Run Behavior\ReadHtmlCacheBehavior [ RunTime:0.001038s ]
INFO: [ app_begin ] --END-- [ RunTime:0.001148s ]
SQL: SHOW COLUMNS FROM `lunbo` [ RunTime:0.0237s ]
SQL: SELECT * FROM `lunbo` WHERE ( lun_show=1 ) ORDER BY lun_id desc LIMIT 0,3   [ RunTime:0.0028s ]
SQL: SHOW COLUMNS FROM `travel` [ RunTime:0.0077s ]
SQL: SELECT * FROM `travel` WHERE ( is_vip=1 ) ORDER BY tra_id desc LIMIT 0,4   [ RunTime:0.0006s ]
SQL: SELECT * FROM `travel` ORDER BY tra_id desc LIMIT 0,4   [ RunTime:0.0002s ]
SQL: SHOW COLUMNS FROM `article` [ RunTime:0.0023s ]
SQL: SELECT * FROM `article` WHERE ( a_status=1 ) ORDER BY a_id desc LIMIT 0,4   [ RunTime:0.0025s ]
INFO: [ view_parse ] --START--
INFO: [ template_filter ] --START--
INFO: Run Behavior\ContentReplaceBehavior [ RunTime:0.000957s ]
INFO: [ template_filter ] --END-- [ RunTime:0.001054s ]
NOTIC: [8] Use of undefined constant cat_id - assumed 'cat_id' /Applications/MAMP/htdocs/seeworld/Application/Runtime/Cache/Home/2a94b8bda04ff446dcedd42276fc99ee.php 第 114 行.
NOTIC: [8] Use of undefined constant lun_path - assumed 'lun_path' /Applications/MAMP/htdocs/seeworld/Application/Runtime/Cache/Home/2a94b8bda04ff446dcedd42276fc99ee.php 第 115 行.
NOTIC: [8] Use of undefined constant cat_id - assumed 'cat_id' /Applications/MAMP/htdocs/seeworld/Application/Runtime/Cache/Home/2a94b8bda04ff446dcedd42276fc99ee.php 第 114 行.
NOTIC: [8] Use of undefined constant lun_path - assumed 'lun_path' /Applications/MAMP/htdocs/seeworld/Application/Runtime/Cache/Home/2a94b8bda04ff446dcedd42276fc99ee.php 第 115 行.
NOTIC: [8] Use of undefined constant cat_id - assumed 'cat_id' /Applications/MAMP/htdocs/seeworld/Application/Runtime/Cache/Home/2a94b8bda04ff446dcedd42276fc99ee.php 第 114 行.
NOTIC: [8] Use of undefined constant lun_path - assumed 'lun_path' /Applications/MAMP/htdocs/seeworld/Application/Runtime/Cache/Home/2a94b8bda04ff446dcedd42276fc99ee.php 第 115 行.
NOTIC: [8] Use of undefined constant tra_id - assumed 'tra_id' /Applications/MAMP/htdocs/seeworld/Application/Runtime/Cache/Home/2a94b8bda04ff446dcedd42276fc99ee.php 第 144 行.
NOTIC: [8] Use of undefined constant tra_thumb - assumed 'tra_thumb' /Applications/MAMP/htdocs/seeworld/Application/Runtime/Cache/Home/2a94b8bda04ff446dcedd42276fc99ee.php 第 145 行.
NOTIC: [8] Use of undefined constant tra_name - assumed 'tra_name' /Applications/MAMP/htdocs/seeworld/Application/Runtime/Cache/Home/2a94b8bda04ff446dcedd42276fc99ee.php 第 147 行.
NOTIC: [8] Use of undefined constant tra_id - assumed 'tra_id' /Applications/MAMP/htdocs/seeworld/Application/Runtime/Cache/Home/2a94b8bda04ff446dcedd42276fc99ee.php 第 144 行.
NOTIC: [8] Use of undefined constant tra_thumb - assumed 'tra_thumb' /Applications/MAMP/htdocs/seeworld/Application/Runtime/Cache/Home/2a94b8bda04ff446dcedd42276fc99ee.php 第 145 行.
NOTIC: [8] Use of undefined constant tra_name - assumed 'tra_name' /Applications/MAMP/htdocs/seeworld/Application/Runtime/Cache/Home/2a94b8bda04ff446dcedd42276fc99ee.php 第 147 行.
NOTIC: [8] Use of undefined constant tra_id - assumed 'tra_id' /Applications/MAMP/htdocs/seeworld/Application/Runtime/Cache/Home/2a94b8bda04ff446dcedd42276fc99ee.php 第 144 行.
NOTIC: [8] Use of undefined constant tra_thumb - assumed 'tra_thumb' /Applications/MAMP/htdocs/seeworld/Application/Runtime/Cache/Home/2a94b8bda04ff446dcedd42276fc99ee.php 第 145 行.
NOTIC: [8] Use of undefined constant tra_name - assumed 'tra_name' /Applications/MAMP/htdocs/seeworld/Application/Runtime/Cache/Home/2a94b8bda04ff446dcedd42276fc99ee.php 第 147 行.
NOTIC: [8] Use of undefined constant tra_id - assumed 'tra_id' /Applications/MAMP/htdocs/seeworld/Application/Runtime/Cache/Home/2a94b8bda04ff446dcedd42276fc99ee.php 第 144 行.
NOTIC: [8] Use of undefined constant tra_thumb - assumed 'tra_thumb' /Applications/MAMP/htdocs/seeworld/Application/Runtime/Cache/Home/2a94b8bda04ff446dcedd42276fc99ee.php 第 145 行.
NOTIC: [8] Use of undefined constant tra_name - assumed 'tra_name' /Applications/MAMP/htdocs/seeworld/Application/Runtime/Cache/Home/2a94b8bda04ff446dcedd42276fc99ee.php 第 147 行.
NOTIC: [8] Use of undefined constant tra_id - assumed 'tra_id' /Applications/MAMP/htdocs/seeworld/Application/Runtime/Cache/Home/2a94b8bda04ff446dcedd42276fc99ee.php 第 160 行.
NOTIC: [8] Use of undefined constant tra_thumb - assumed 'tra_thumb' /Applications/MAMP/htdocs/seeworld/Application/Runtime/Cache/Home/2a94b8bda04ff446dcedd42276fc99ee.php 第 161 行.
NOTIC: [8] Use of undefined constant tra_name - assumed 'tra_name' /Applications/MAMP/htdocs/seeworld/Application/Runtime/Cache/Home/2a94b8bda04ff446dcedd42276fc99ee.php 第 163 行.
NOTIC: [8] Use of undefined constant tra_price - assumed 'tra_price' /Applications/MAMP/htdocs/seeworld/Application/Runtime/Cache/Home/2a94b8bda04ff446dcedd42276fc99ee.php 第 164 行.
NOTIC: [8] Use of undefined constant tra_id - assumed 'tra_id' /Applications/MAMP/htdocs/seeworld/Application/Runtime/Cache/Home/2a94b8bda04ff446dcedd42276fc99ee.php 第 160 行.
NOTIC: [8] Use of undefined constant tra_thumb - assumed 'tra_thumb' /Applications/MAMP/htdocs/seeworld/Application/Runtime/Cache/Home/2a94b8bda04ff446dcedd42276fc99ee.php 第 161 行.
NOTIC: [8] Use of undefined constant tra_name - assumed 'tra_name' /Applications/MAMP/htdocs/seeworld/Application/Runtime/Cache/Home/2a94b8bda04ff446dcedd42276fc99ee.php 第 163 行.
NOTIC: [8] Use of undefined constant tra_price - assumed 'tra_price' /Applications/MAMP/htdocs/seeworld/Application/Runtime/Cache/Home/2a94b8bda04ff446dcedd42276fc99ee.php 第 164 行.
NOTIC: [8] Use of undefined constant tra_id - assumed 'tra_id' /Applications/MAMP/htdocs/seeworld/Application/Runtime/Cache/Home/2a94b8bda04ff446dcedd42276fc99ee.php 第 160 行.
NOTIC: [8] Use of undefined constant tra_thumb - assumed 'tra_thumb' /Applications/MAMP/htdocs/seeworld/Application/Runtime/Cache/Home/2a94b8bda04ff446dcedd42276fc99ee.php 第 161 行.
NOTIC: [8] Use of undefined constant tra_name - assumed 'tra_name' /Applications/MAMP/htdocs/seeworld/Application/Runtime/Cache/Home/2a94b8bda04ff446dcedd42276fc99ee.php 第 163 行.
NOTIC: [8] Use of undefined constant tra_price - assumed 'tra_price' /Applications/MAMP/htdocs/seeworld/Application/Runtime/Cache/Home/2a94b8bda04ff446dcedd42276fc99ee.php 第 164 行.
NOTIC: [8] Use of undefined constant tra_id - assumed 'tra_id' /Applications/MAMP/htdocs/seeworld/Application/Runtime/Cache/Home/2a94b8bda04ff446dcedd42276fc99ee.php 第 160 行.
NOTIC: [8] Use of undefined constant tra_thumb - assumed 'tra_thumb' /Applications/MAMP/htdocs/seeworld/Application/Runtime/Cache/Home/2a94b8bda04ff446dcedd42276fc99ee.php 第 161 行.
NOTIC: [8] Use of undefined constant tra_name - assumed 'tra_name' /Applications/MAMP/htdocs/seeworld/Application/Runtime/Cache/Home/2a94b8bda04ff446dcedd42276fc99ee.php 第 163 行.
NOTIC: [8] Use of undefined constant tra_price - assumed 'tra_price' /Applications/MAMP/htdocs/seeworld/Application/Runtime/Cache/Home/2a94b8bda04ff446dcedd42276fc99ee.php 第 164 行.
NOTIC: [8] Use of undefined constant a_id - assumed 'a_id' /Applications/MAMP/htdocs/seeworld/Application/Runtime/Cache/Home/2a94b8bda04ff446dcedd42276fc99ee.php 第 215 行.
NOTIC: [8] Use of undefined constant a_img - assumed 'a_img' /Applications/MAMP/htdocs/seeworld/Application/Runtime/Cache/Home/2a94b8bda04ff446dcedd42276fc99ee.php 第 216 行.
NOTIC: [8] Use of undefined constant a_name - assumed 'a_name' /Applications/MAMP/htdocs/seeworld/Application/Runtime/Cache/Home/2a94b8bda04ff446dcedd42276fc99ee.php 第 219 行.
NOTIC: [8] Use of undefined constant a_id - assumed 'a_id' /Applications/MAMP/htdocs/seeworld/Application/Runtime/Cache/Home/2a94b8bda04ff446dcedd42276fc99ee.php 第 215 行.
NOTIC: [8] Use of undefined constant a_img - assumed 'a_img' /Applications/MAMP/htdocs/seeworld/Application/Runtime/Cache/Home/2a94b8bda04ff446dcedd42276fc99ee.php 第 216 行.
NOTIC: [8] Use of undefined constant a_name - assumed 'a_name' /Applications/MAMP/htdocs/seeworld/Application/Runtime/Cache/Home/2a94b8bda04ff446dcedd42276fc99ee.php 第 219 行.
NOTIC: [8] Use of undefined constant a_id - assumed 'a_id' /Applications/MAMP/htdocs/seeworld/Application/Runtime/Cache/Home/2a94b8bda04ff446dcedd42276fc99ee.php 第 215 行.
NOTIC: [8] Use of undefined constant a_img - assumed 'a_img' /Applications/MAMP/htdocs/seeworld/Application/Runtime/Cache/Home/2a94b8bda04ff446dcedd42276fc99ee.php 第 216 行.
NOTIC: [8] Use of undefined constant a_name - assumed 'a_name' /Applications/MAMP/htdocs/seeworld/Application/Runtime/Cache/Home/2a94b8bda04ff446dcedd42276fc99ee.php 第 219 行.
NOTIC: [8] Use of undefined constant a_id - assumed 'a_id' /Applications/MAMP/htdocs/seeworld/Application/Runtime/Cache/Home/2a94b8bda04ff446dcedd42276fc99ee.php 第 215 行.
NOTIC: [8] Use of undefined constant a_img - assumed 'a_img' /Applications/MAMP/htdocs/seeworld/Application/Runtime/Cache/Home/2a94b8bda04ff446dcedd42276fc99ee.php 第 216 行.
NOTIC: [8] Use of undefined constant a_name - assumed 'a_name' /Applications/MAMP/htdocs/seeworld/Application/Runtime/Cache/Home/2a94b8bda04ff446dcedd42276fc99ee.php 第 219 行.
INFO: Run Behavior\ParseTemplateBehavior [ RunTime:0.027514s ]
INFO: [ view_parse ] --END-- [ RunTime:0.027571s ]
INFO: [ view_filter ] --START--
INFO: Run Behavior\WriteHtmlCacheBehavior [ RunTime:0.000536s ]
INFO: [ view_filter ] --END-- [ RunTime:0.000586s ]
INFO: [ app_end ] --START--
INFO: Run Behavior\ShowPageTraceBehavior [ RunTime:0.001456s ]
INFO: [ app_end ] --END-- [ RunTime:0.001549s ]

[ 2017-01-20T22:26:29+08:00 ] 127.0.0.1 /seeworld/
INFO: [ app_init ] --START--
INFO: Run Behavior\BuildLiteBehavior [ RunTime:0.000022s ]
INFO: [ app_init ] --END-- [ RunTime:0.000167s ]
INFO: [ app_begin ] --START--
INFO: Run Behavior\ReadHtmlCacheBehavior [ RunTime:0.000836s ]
INFO: [ app_begin ] --END-- [ RunTime:0.000890s ]
SQL: SHOW COLUMNS FROM `lunbo` [ RunTime:0.0049s ]
SQL: SELECT * FROM `lunbo` WHERE ( lun_show=1 ) ORDER BY lun_id desc LIMIT 0,3   [ RunTime:0.0019s ]
SQL: SHOW COLUMNS FROM `travel` [ RunTime:0.0015s ]
SQL: SELECT * FROM `travel` WHERE ( is_vip=1 ) ORDER BY tra_id desc LIMIT 0,4   [ RunTime:0.0004s ]
SQL: SELECT * FROM `travel` ORDER BY tra_id desc LIMIT 0,4   [ RunTime:0.0002s ]
SQL: SHOW COLUMNS FROM `article` [ RunTime:0.0027s ]
SQL: SELECT * FROM `article` WHERE ( a_status=1 ) ORDER BY a_id desc LIMIT 0,4   [ RunTime:0.0022s ]
INFO: [ view_parse ] --START--
INFO: [ template_filter ] --START--
INFO: Run Behavior\ContentReplaceBehavior [ RunTime:0.000202s ]
INFO: [ template_filter ] --END-- [ RunTime:0.000271s ]
NOTIC: [8] Use of undefined constant cat_id - assumed 'cat_id' /Applications/MAMP/htdocs/seeworld/Application/Runtime/Cache/Home/2a94b8bda04ff446dcedd42276fc99ee.php 第 114 行.
NOTIC: [8] Use of undefined constant lun_path - assumed 'lun_path' /Applications/MAMP/htdocs/seeworld/Application/Runtime/Cache/Home/2a94b8bda04ff446dcedd42276fc99ee.php 第 115 行.
NOTIC: [8] Use of undefined constant cat_id - assumed 'cat_id' /Applications/MAMP/htdocs/seeworld/Application/Runtime/Cache/Home/2a94b8bda04ff446dcedd42276fc99ee.php 第 114 行.
NOTIC: [8] Use of undefined constant lun_path - assumed 'lun_path' /Applications/MAMP/htdocs/seeworld/Application/Runtime/Cache/Home/2a94b8bda04ff446dcedd42276fc99ee.php 第 115 行.
NOTIC: [8] Use of undefined constant cat_id - assumed 'cat_id' /Applications/MAMP/htdocs/seeworld/Application/Runtime/Cache/Home/2a94b8bda04ff446dcedd42276fc99ee.php 第 114 行.
NOTIC: [8] Use of undefined constant lun_path - assumed 'lun_path' /Applications/MAMP/htdocs/seeworld/Application/Runtime/Cache/Home/2a94b8bda04ff446dcedd42276fc99ee.php 第 115 行.
NOTIC: [8] Use of undefined constant tra_id - assumed 'tra_id' /Applications/MAMP/htdocs/seeworld/Application/Runtime/Cache/Home/2a94b8bda04ff446dcedd42276fc99ee.php 第 144 行.
NOTIC: [8] Use of undefined constant tra_thumb - assumed 'tra_thumb' /Applications/MAMP/htdocs/seeworld/Application/Runtime/Cache/Home/2a94b8bda04ff446dcedd42276fc99ee.php 第 145 行.
NOTIC: [8] Use of undefined constant tra_name - assumed 'tra_name' /Applications/MAMP/htdocs/seeworld/Application/Runtime/Cache/Home/2a94b8bda04ff446dcedd42276fc99ee.php 第 147 行.
NOTIC: [8] Use of undefined constant tra_id - assumed 'tra_id' /Applications/MAMP/htdocs/seeworld/Application/Runtime/Cache/Home/2a94b8bda04ff446dcedd42276fc99ee.php 第 144 行.
NOTIC: [8] Use of undefined constant tra_thumb - assumed 'tra_thumb' /Applications/MAMP/htdocs/seeworld/Application/Runtime/Cache/Home/2a94b8bda04ff446dcedd42276fc99ee.php 第 145 行.
NOTIC: [8] Use of undefined constant tra_name - assumed 'tra_name' /Applications/MAMP/htdocs/seeworld/Application/Runtime/Cache/Home/2a94b8bda04ff446dcedd42276fc99ee.php 第 147 行.
NOTIC: [8] Use of undefined constant tra_id - assumed 'tra_id' /Applications/MAMP/htdocs/seeworld/Application/Runtime/Cache/Home/2a94b8bda04ff446dcedd42276fc99ee.php 第 144 行.
NOTIC: [8] Use of undefined constant tra_thumb - assumed 'tra_thumb' /Applications/MAMP/htdocs/seeworld/Application/Runtime/Cache/Home/2a94b8bda04ff446dcedd42276fc99ee.php 第 145 行.
NOTIC: [8] Use of undefined constant tra_name - assumed 'tra_name' /Applications/MAMP/htdocs/seeworld/Application/Runtime/Cache/Home/2a94b8bda04ff446dcedd42276fc99ee.php 第 147 行.
NOTIC: [8] Use of undefined constant tra_id - assumed 'tra_id' /Applications/MAMP/htdocs/seeworld/Application/Runtime/Cache/Home/2a94b8bda04ff446dcedd42276fc99ee.php 第 144 行.
NOTIC: [8] Use of undefined constant tra_thumb - assumed 'tra_thumb' /Applications/MAMP/htdocs/seeworld/Application/Runtime/Cache/Home/2a94b8bda04ff446dcedd42276fc99ee.php 第 145 行.
NOTIC: [8] Use of undefined constant tra_name - assumed 'tra_name' /Applications/MAMP/htdocs/seeworld/Application/Runtime/Cache/Home/2a94b8bda04ff446dcedd42276fc99ee.php 第 147 行.
NOTIC: [8] Use of undefined constant tra_id - assumed 'tra_id' /Applications/MAMP/htdocs/seeworld/Application/Runtime/Cache/Home/2a94b8bda04ff446dcedd42276fc99ee.php 第 160 行.
NOTIC: [8] Use of undefined constant tra_thumb - assumed 'tra_thumb' /Applications/MAMP/htdocs/seeworld/Application/Runtime/Cache/Home/2a94b8bda04ff446dcedd42276fc99ee.php 第 161 行.
NOTIC: [8] Use of undefined constant tra_name - assumed 'tra_name' /Applications/MAMP/htdocs/seeworld/Application/Runtime/Cache/Home/2a94b8bda04ff446dcedd42276fc99ee.php 第 163 行.
NOTIC: [8] Use of undefined constant tra_price - assumed 'tra_price' /Applications/MAMP/htdocs/seeworld/Application/Runtime/Cache/Home/2a94b8bda04ff446dcedd42276fc99ee.php 第 164 行.
NOTIC: [8] Use of undefined constant tra_id - assumed 'tra_id' /Applications/MAMP/htdocs/seeworld/Application/Runtime/Cache/Home/2a94b8bda04ff446dcedd42276fc99ee.php 第 160 行.
NOTIC: [8] Use of undefined constant tra_thumb - assumed 'tra_thumb' /Applications/MAMP/htdocs/seeworld/Application/Runtime/Cache/Home/2a94b8bda04ff446dcedd42276fc99ee.php 第 161 行.
NOTIC: [8] Use of undefined constant tra_name - assumed 'tra_name' /Applications/MAMP/htdocs/seeworld/Application/Runtime/Cache/Home/2a94b8bda04ff446dcedd42276fc99ee.php 第 163 行.
NOTIC: [8] Use of undefined constant tra_price - assumed 'tra_price' /Applications/MAMP/htdocs/seeworld/Application/Runtime/Cache/Home/2a94b8bda04ff446dcedd42276fc99ee.php 第 164 行.
NOTIC: [8] Use of undefined constant tra_id - assumed 'tra_id' /Applications/MAMP/htdocs/seeworld/Application/Runtime/Cache/Home/2a94b8bda04ff446dcedd42276fc99ee.php 第 160 行.
NOTIC: [8] Use of undefined constant tra_thumb - assumed 'tra_thumb' /Applications/MAMP/htdocs/seeworld/Application/Runtime/Cache/Home/2a94b8bda04ff446dcedd42276fc99ee.php 第 161 行.
NOTIC: [8] Use of undefined constant tra_name - assumed 'tra_name' /Applications/MAMP/htdocs/seeworld/Application/Runtime/Cache/Home/2a94b8bda04ff446dcedd42276fc99ee.php 第 163 行.
NOTIC: [8] Use of undefined constant tra_price - assumed 'tra_price' /Applications/MAMP/htdocs/seeworld/Application/Runtime/Cache/Home/2a94b8bda04ff446dcedd42276fc99ee.php 第 164 行.
NOTIC: [8] Use of undefined constant tra_id - assumed 'tra_id' /Applications/MAMP/htdocs/seeworld/Application/Runtime/Cache/Home/2a94b8bda04ff446dcedd42276fc99ee.php 第 160 行.
NOTIC: [8] Use of undefined constant tra_thumb - assumed 'tra_thumb' /Applications/MAMP/htdocs/seeworld/Application/Runtime/Cache/Home/2a94b8bda04ff446dcedd42276fc99ee.php 第 161 行.
NOTIC: [8] Use of undefined constant tra_name - assumed 'tra_name' /Applications/MAMP/htdocs/seeworld/Application/Runtime/Cache/Home/2a94b8bda04ff446dcedd42276fc99ee.php 第 163 行.
NOTIC: [8] Use of undefined constant tra_price - assumed 'tra_price' /Applications/MAMP/htdocs/seeworld/Application/Runtime/Cache/Home/2a94b8bda04ff446dcedd42276fc99ee.php 第 164 行.
NOTIC: [8] Use of undefined constant a_id - assumed 'a_id' /Applications/MAMP/htdocs/seeworld/Application/Runtime/Cache/Home/2a94b8bda04ff446dcedd42276fc99ee.php 第 215 行.
NOTIC: [8] Use of undefined constant a_img - assumed 'a_img' /Applications/MAMP/htdocs/seeworld/Application/Runtime/Cache/Home/2a94b8bda04ff446dcedd42276fc99ee.php 第 216 行.
NOTIC: [8] Use of undefined constant a_name - assumed 'a_name' /Applications/MAMP/htdocs/seeworld/Application/Runtime/Cache/Home/2a94b8bda04ff446dcedd42276fc99ee.php 第 219 行.
NOTIC: [8] Use of undefined constant a_id - assumed 'a_id' /Applications/MAMP/htdocs/seeworld/Application/Runtime/Cache/Home/2a94b8bda04ff446dcedd42276fc99ee.php 第 215 行.
NOTIC: [8] Use of undefined constant a_img - assumed 'a_img' /Applications/MAMP/htdocs/seeworld/Application/Runtime/Cache/Home/2a94b8bda04ff446dcedd42276fc99ee.php 第 216 行.
NOTIC: [8] Use of undefined constant a_name - assumed 'a_name' /Applications/MAMP/htdocs/seeworld/Application/Runtime/Cache/Home/2a94b8bda04ff446dcedd42276fc99ee.php 第 219 行.
NOTIC: [8] Use of undefined constant a_id - assumed 'a_id' /Applications/MAMP/htdocs/seeworld/Application/Runtime/Cache/Home/2a94b8bda04ff446dcedd42276fc99ee.php 第 215 行.
NOTIC: [8] Use of undefined constant a_img - assumed 'a_img' /Applications/MAMP/htdocs/seeworld/Application/Runtime/Cache/Home/2a94b8bda04ff446dcedd42276fc99ee.php 第 216 行.
NOTIC: [8] Use of undefined constant a_name - assumed 'a_name' /Applications/MAMP/htdocs/seeworld/Application/Runtime/Cache/Home/2a94b8bda04ff446dcedd42276fc99ee.php 第 219 行.
NOTIC: [8] Use of undefined constant a_id - assumed 'a_id' /Applications/MAMP/htdocs/seeworld/Application/Runtime/Cache/Home/2a94b8bda04ff446dcedd42276fc99ee.php 第 215 行.
NOTIC: [8] Use of undefined constant a_img - assumed 'a_img' /Applications/MAMP/htdocs/seeworld/Application/Runtime/Cache/Home/2a94b8bda04ff446dcedd42276fc99ee.php 第 216 行.
NOTIC: [8] Use of undefined constant a_name - assumed 'a_name' /Applications/MAMP/htdocs/seeworld/Application/Runtime/Cache/Home/2a94b8bda04ff446dcedd42276fc99ee.php 第 219 行.
INFO: Run Behavior\ParseTemplateBehavior [ RunTime:0.023072s ]
INFO: [ view_parse ] --END-- [ RunTime:0.023132s ]
INFO: [ view_filter ] --START--
INFO: Run Behavior\WriteHtmlCacheBehavior [ RunTime:0.000478s ]
INFO: [ view_filter ] --END-- [ RunTime:0.000521s ]
INFO: [ app_end ] --START--
INFO: Run Behavior\ShowPageTraceBehavior [ RunTime:0.000887s ]
INFO: [ app_end ] --END-- [ RunTime:0.000957s ]

[ 2017-01-20T22:26:30+08:00 ] 127.0.0.1 /seeworld/index.php/Home/Private/private1.html
INFO: [ app_init ] --START--
INFO: Run Behavior\BuildLiteBehavior [ RunTime:0.000013s ]
INFO: [ app_init ] --END-- [ RunTime:0.000088s ]
INFO: [ app_begin ] --START--
INFO: Run Behavior\ReadHtmlCacheBehavior [ RunTime:0.000500s ]
INFO: [ app_begin ] --END-- [ RunTime:0.000553s ]
SQL: SHOW COLUMNS FROM `city` [ RunTime:0.0086s ]
SQL: SELECT * FROM `city` INNER JOIN inter on city.city_id=inter.city_id  GROUP BY city.city_id  [ RunTime:0.0148s ]
INFO: [ view_parse ] --START--
INFO: [ template_filter ] --START--
INFO: Run Behavior\ContentReplaceBehavior [ RunTime:0.000293s ]
INFO: [ template_filter ] --END-- [ RunTime:0.000361s ]
INFO: Run Behavior\ParseTemplateBehavior [ RunTime:0.011783s ]
INFO: [ view_parse ] --END-- [ RunTime:0.011839s ]
INFO: [ view_filter ] --START--
INFO: Run Behavior\WriteHtmlCacheBehavior [ RunTime:0.000161s ]
INFO: [ view_filter ] --END-- [ RunTime:0.000201s ]
INFO: [ app_end ] --START--
INFO: Run Behavior\ShowPageTraceBehavior [ RunTime:0.000639s ]
INFO: [ app_end ] --END-- [ RunTime:0.000690s ]

[ 2017-01-20T22:26:31+08:00 ] 127.0.0.1 /seeworld/index.php/Home/Service/service.html
INFO: [ app_init ] --START--
INFO: Run Behavior\BuildLiteBehavior [ RunTime:0.000015s ]
INFO: [ app_init ] --END-- [ RunTime:0.000082s ]
INFO: [ app_begin ] --START--
INFO: Run Behavior\ReadHtmlCacheBehavior [ RunTime:0.000488s ]
INFO: [ app_begin ] --END-- [ RunTime:0.000533s ]
SQL: SHOW COLUMNS FROM `country` [ RunTime:0.0052s ]
SQL: SELECT * FROM `country`  [ RunTime:0.0005s ]
SQL: SHOW COLUMNS FROM `city` [ RunTime:0.0012s ]
SQL: SELECT * FROM `city`  [ RunTime:0.0007s ]
SQL: SHOW COLUMNS FROM `type` [ RunTime:0.0026s ]
SQL: SELECT * FROM `type` GROUP BY t_name  [ RunTime:0.0012s ]
SQL: SHOW COLUMNS FROM `service` [ RunTime:0.0030s ]
SQL: SELECT * FROM `service`  [ RunTime:0.0004s ]
SQL: SHOW COLUMNS FROM `type` [ RunTime:0.0008s ]
SQL: SELECT * FROM `type` WHERE ( t_name='' )  [ RunTime:0.0004s ]
SQL: SELECT * FROM `type` WHERE ( coun_id='' and city_id='' and t_name='' ) LIMIT 1   [ RunTime:0.0028s ]
INFO: [ view_parse ] --START--
INFO: [ template_filter ] --START--
INFO: Run Behavior\ContentReplaceBehavior [ RunTime:0.000164s ]
INFO: [ template_filter ] --END-- [ RunTime:0.000275s ]
NOTIC: [8] Undefined variable: page /Applications/MAMP/htdocs/seeworld/Application/Runtime/Cache/Home/b17d78e560f31b3a0a3fc331cbe1b539.php 第 140 行.
INFO: Run Behavior\ParseTemplateBehavior [ RunTime:0.016553s ]
INFO: [ view_parse ] --END-- [ RunTime:0.016606s ]
INFO: [ view_filter ] --START--
INFO: Run Behavior\WriteHtmlCacheBehavior [ RunTime:0.000165s ]
INFO: [ view_filter ] --END-- [ RunTime:0.000206s ]
NOTIC: [2] Cannot modify header information - headers already sent by (output started at /Applications/MAMP/htdocs/seeworld/Application/Home/Controller/ServiceController.class.php:135) /Applications/MAMP/htdocs/seeworld/ThinkPHP/Library/Think/View.class.php 第 91 行.
NOTIC: [2] Cannot modify header information - headers already sent by (output started at /Applications/MAMP/htdocs/seeworld/Application/Home/Controller/ServiceController.class.php:135) /Applications/MAMP/htdocs/seeworld/ThinkPHP/Library/Think/View.class.php 第 92 行.
NOTIC: [2] Cannot modify header information - headers already sent by (output started at /Applications/MAMP/htdocs/seeworld/Application/Home/Controller/ServiceController.class.php:135) /Applications/MAMP/htdocs/seeworld/ThinkPHP/Library/Think/View.class.php 第 93 行.
INFO: [ app_end ] --START--
INFO: Run Behavior\ShowPageTraceBehavior [ RunTime:0.000563s ]
INFO: [ app_end ] --END-- [ RunTime:0.000613s ]

[ 2017-01-20T22:26:32+08:00 ] 127.0.0.1 /seeworld/index.php/Home/Index/index.html
INFO: [ app_init ] --START--
INFO: Run Behavior\BuildLiteBehavior [ RunTime:0.000015s ]
INFO: [ app_init ] --END-- [ RunTime:0.000083s ]
INFO: [ app_begin ] --START--
INFO: Run Behavior\ReadHtmlCacheBehavior [ RunTime:0.000411s ]
INFO: [ app_begin ] --END-- [ RunTime:0.000453s ]
SQL: SHOW COLUMNS FROM `lunbo` [ RunTime:0.0013s ]
SQL: SELECT * FROM `lunbo` WHERE ( lun_show=1 ) ORDER BY lun_id desc LIMIT 0,3   [ RunTime:0.0002s ]
SQL: SHOW COLUMNS FROM `travel` [ RunTime:0.0013s ]
SQL: SELECT * FROM `travel` WHERE ( is_vip=1 ) ORDER BY tra_id desc LIMIT 0,4   [ RunTime:0.0002s ]
SQL: SELECT * FROM `travel` ORDER BY tra_id desc LIMIT 0,4   [ RunTime:0.0002s ]
SQL: SHOW COLUMNS FROM `article` [ RunTime:0.0011s ]
SQL: SELECT * FROM `article` WHERE ( a_status=1 ) ORDER BY a_id desc LIMIT 0,4   [ RunTime:0.0003s ]
INFO: [ view_parse ] --START--
INFO: [ template_filter ] --START--
INFO: Run Behavior\ContentReplaceBehavior [ RunTime:0.000178s ]
INFO: [ template_filter ] --END-- [ RunTime:0.000245s ]
NOTIC: [8] Use of undefined constant cat_id - assumed 'cat_id' /Applications/MAMP/htdocs/seeworld/Application/Runtime/Cache/Home/2a94b8bda04ff446dcedd42276fc99ee.php 第 114 行.
NOTIC: [8] Use of undefined constant lun_path - assumed 'lun_path' /Applications/MAMP/htdocs/seeworld/Application/Runtime/Cache/Home/2a94b8bda04ff446dcedd42276fc99ee.php 第 115 行.
NOTIC: [8] Use of undefined constant cat_id - assumed 'cat_id' /Applications/MAMP/htdocs/seeworld/Application/Runtime/Cache/Home/2a94b8bda04ff446dcedd42276fc99ee.php 第 114 行.
NOTIC: [8] Use of undefined constant lun_path - assumed 'lun_path' /Applications/MAMP/htdocs/seeworld/Application/Runtime/Cache/Home/2a94b8bda04ff446dcedd42276fc99ee.php 第 115 行.
NOTIC: [8] Use of undefined constant cat_id - assumed 'cat_id' /Applications/MAMP/htdocs/seeworld/Application/Runtime/Cache/Home/2a94b8bda04ff446dcedd42276fc99ee.php 第 114 行.
NOTIC: [8] Use of undefined constant lun_path - assumed 'lun_path' /Applications/MAMP/htdocs/seeworld/Application/Runtime/Cache/Home/2a94b8bda04ff446dcedd42276fc99ee.php 第 115 行.
NOTIC: [8] Use of undefined constant tra_id - assumed 'tra_id' /Applications/MAMP/htdocs/seeworld/Application/Runtime/Cache/Home/2a94b8bda04ff446dcedd42276fc99ee.php 第 144 行.
NOTIC: [8] Use of undefined constant tra_thumb - assumed 'tra_thumb' /Applications/MAMP/htdocs/seeworld/Application/Runtime/Cache/Home/2a94b8bda04ff446dcedd42276fc99ee.php 第 145 行.
NOTIC: [8] Use of undefined constant tra_name - assumed 'tra_name' /Applications/MAMP/htdocs/seeworld/Application/Runtime/Cache/Home/2a94b8bda04ff446dcedd42276fc99ee.php 第 147 行.
NOTIC: [8] Use of undefined constant tra_id - assumed 'tra_id' /Applications/MAMP/htdocs/seeworld/Application/Runtime/Cache/Home/2a94b8bda04ff446dcedd42276fc99ee.php 第 144 行.
NOTIC: [8] Use of undefined constant tra_thumb - assumed 'tra_thumb' /Applications/MAMP/htdocs/seeworld/Application/Runtime/Cache/Home/2a94b8bda04ff446dcedd42276fc99ee.php 第 145 行.
NOTIC: [8] Use of undefined constant tra_name - assumed 'tra_name' /Applications/MAMP/htdocs/seeworld/Application/Runtime/Cache/Home/2a94b8bda04ff446dcedd42276fc99ee.php 第 147 行.
NOTIC: [8] Use of undefined constant tra_id - assumed 'tra_id' /Applications/MAMP/htdocs/seeworld/Application/Runtime/Cache/Home/2a94b8bda04ff446dcedd42276fc99ee.php 第 144 行.
NOTIC: [8] Use of undefined constant tra_thumb - assumed 'tra_thumb' /Applications/MAMP/htdocs/seeworld/Application/Runtime/Cache/Home/2a94b8bda04ff446dcedd42276fc99ee.php 第 145 行.
NOTIC: [8] Use of undefined constant tra_name - assumed 'tra_name' /Applications/MAMP/htdocs/seeworld/Application/Runtime/Cache/Home/2a94b8bda04ff446dcedd42276fc99ee.php 第 147 行.
NOTIC: [8] Use of undefined constant tra_id - assumed 'tra_id' /Applications/MAMP/htdocs/seeworld/Application/Runtime/Cache/Home/2a94b8bda04ff446dcedd42276fc99ee.php 第 144 行.
NOTIC: [8] Use of undefined constant tra_thumb - assumed 'tra_thumb' /Applications/MAMP/htdocs/seeworld/Application/Runtime/Cache/Home/2a94b8bda04ff446dcedd42276fc99ee.php 第 145 行.
NOTIC: [8] Use of undefined constant tra_name - assumed 'tra_name' /Applications/MAMP/htdocs/seeworld/Application/Runtime/Cache/Home/2a94b8bda04ff446dcedd42276fc99ee.php 第 147 行.
NOTIC: [8] Use of undefined constant tra_id - assumed 'tra_id' /Applications/MAMP/htdocs/seeworld/Application/Runtime/Cache/Home/2a94b8bda04ff446dcedd42276fc99ee.php 第 160 行.
NOTIC: [8] Use of undefined constant tra_thumb - assumed 'tra_thumb' /Applications/MAMP/htdocs/seeworld/Application/Runtime/Cache/Home/2a94b8bda04ff446dcedd42276fc99ee.php 第 161 行.
NOTIC: [8] Use of undefined constant tra_name - assumed 'tra_name' /Applications/MAMP/htdocs/seeworld/Application/Runtime/Cache/Home/2a94b8bda04ff446dcedd42276fc99ee.php 第 163 行.
NOTIC: [8] Use of undefined constant tra_price - assumed 'tra_price' /Applications/MAMP/htdocs/seeworld/Application/Runtime/Cache/Home/2a94b8bda04ff446dcedd42276fc99ee.php 第 164 行.
NOTIC: [8] Use of undefined constant tra_id - assumed 'tra_id' /Applications/MAMP/htdocs/seeworld/Application/Runtime/Cache/Home/2a94b8bda04ff446dcedd42276fc99ee.php 第 160 行.
NOTIC: [8] Use of undefined constant tra_thumb - assumed 'tra_thumb' /Applications/MAMP/htdocs/seeworld/Application/Runtime/Cache/Home/2a94b8bda04ff446dcedd42276fc99ee.php 第 161 行.
NOTIC: [8] Use of undefined constant tra_name - assumed 'tra_name' /Applications/MAMP/htdocs/seeworld/Application/Runtime/Cache/Home/2a94b8bda04ff446dcedd42276fc99ee.php 第 163 行.
NOTIC: [8] Use of undefined constant tra_price - assumed 'tra_price' /Applications/MAMP/htdocs/seeworld/Application/Runtime/Cache/Home/2a94b8bda04ff446dcedd42276fc99ee.php 第 164 行.
NOTIC: [8] Use of undefined constant tra_id - assumed 'tra_id' /Applications/MAMP/htdocs/seeworld/Application/Runtime/Cache/Home/2a94b8bda04ff446dcedd42276fc99ee.php 第 160 行.
NOTIC: [8] Use of undefined constant tra_thumb - assumed 'tra_thumb' /Applications/MAMP/htdocs/seeworld/Application/Runtime/Cache/Home/2a94b8bda04ff446dcedd42276fc99ee.php 第 161 行.
NOTIC: [8] Use of undefined constant tra_name - assumed 'tra_name' /Applications/MAMP/htdocs/seeworld/Application/Runtime/Cache/Home/2a94b8bda04ff446dcedd42276fc99ee.php 第 163 行.
NOTIC: [8] Use of undefined constant tra_price - assumed 'tra_price' /Applications/MAMP/htdocs/seeworld/Application/Runtime/Cache/Home/2a94b8bda04ff446dcedd42276fc99ee.php 第 164 行.
NOTIC: [8] Use of undefined constant tra_id - assumed 'tra_id' /Applications/MAMP/htdocs/seeworld/Application/Runtime/Cache/Home/2a94b8bda04ff446dcedd42276fc99ee.php 第 160 行.
NOTIC: [8] Use of undefined constant tra_thumb - assumed 'tra_thumb' /Applications/MAMP/htdocs/seeworld/Application/Runtime/Cache/Home/2a94b8bda04ff446dcedd42276fc99ee.php 第 161 行.
NOTIC: [8] Use of undefined constant tra_name - assumed 'tra_name' /Applications/MAMP/htdocs/seeworld/Application/Runtime/Cache/Home/2a94b8bda04ff446dcedd42276fc99ee.php 第 163 行.
NOTIC: [8] Use of undefined constant tra_price - assumed 'tra_price' /Applications/MAMP/htdocs/seeworld/Application/Runtime/Cache/Home/2a94b8bda04ff446dcedd42276fc99ee.php 第 164 行.
NOTIC: [8] Use of undefined constant a_id - assumed 'a_id' /Applications/MAMP/htdocs/seeworld/Application/Runtime/Cache/Home/2a94b8bda04ff446dcedd42276fc99ee.php 第 215 行.
NOTIC: [8] Use of undefined constant a_img - assumed 'a_img' /Applications/MAMP/htdocs/seeworld/Application/Runtime/Cache/Home/2a94b8bda04ff446dcedd42276fc99ee.php 第 216 行.
NOTIC: [8] Use of undefined constant a_name - assumed 'a_name' /Applications/MAMP/htdocs/seeworld/Application/Runtime/Cache/Home/2a94b8bda04ff446dcedd42276fc99ee.php 第 219 行.
NOTIC: [8] Use of undefined constant a_id - assumed 'a_id' /Applications/MAMP/htdocs/seeworld/Application/Runtime/Cache/Home/2a94b8bda04ff446dcedd42276fc99ee.php 第 215 行.
NOTIC: [8] Use of undefined constant a_img - assumed 'a_img' /Applications/MAMP/htdocs/seeworld/Application/Runtime/Cache/Home/2a94b8bda04ff446dcedd42276fc99ee.php 第 216 行.
NOTIC: [8] Use of undefined constant a_name - assumed 'a_name' /Applications/MAMP/htdocs/seeworld/Application/Runtime/Cache/Home/2a94b8bda04ff446dcedd42276fc99ee.php 第 219 行.
NOTIC: [8] Use of undefined constant a_id - assumed 'a_id' /Applications/MAMP/htdocs/seeworld/Application/Runtime/Cache/Home/2a94b8bda04ff446dcedd42276fc99ee.php 第 215 行.
NOTIC: [8] Use of undefined constant a_img - assumed 'a_img' /Applications/MAMP/htdocs/seeworld/Application/Runtime/Cache/Home/2a94b8bda04ff446dcedd42276fc99ee.php 第 216 行.
NOTIC: [8] Use of undefined constant a_name - assumed 'a_name' /Applications/MAMP/htdocs/seeworld/Application/Runtime/Cache/Home/2a94b8bda04ff446dcedd42276fc99ee.php 第 219 行.
NOTIC: [8] Use of undefined constant a_id - assumed 'a_id' /Applications/MAMP/htdocs/seeworld/Application/Runtime/Cache/Home/2a94b8bda04ff446dcedd42276fc99ee.php 第 215 行.
NOTIC: [8] Use of undefined constant a_img - assumed 'a_img' /Applications/MAMP/htdocs/seeworld/Application/Runtime/Cache/Home/2a94b8bda04ff446dcedd42276fc99ee.php 第 216 行.
NOTIC: [8] Use of undefined constant a_name - assumed 'a_name' /Applications/MAMP/htdocs/seeworld/Application/Runtime/Cache/Home/2a94b8bda04ff446dcedd42276fc99ee.php 第 219 行.
INFO: Run Behavior\ParseTemplateBehavior [ RunTime:0.012499s ]
INFO: [ view_parse ] --END-- [ RunTime:0.012556s ]
INFO: [ view_filter ] --START--
INFO: Run Behavior\WriteHtmlCacheBehavior [ RunTime:0.000199s ]
INFO: [ view_filter ] --END-- [ RunTime:0.000239s ]
INFO: [ app_end ] --START--
INFO: Run Behavior\ShowPageTraceBehavior [ RunTime:0.000698s ]
INFO: [ app_end ] --END-- [ RunTime:0.000805s ]

[ 2017-01-20T22:26:45+08:00 ] ::1 /seeworld/index.php/Home/Index/index.html
INFO: [ app_init ] --START--
INFO: Run Behavior\BuildLiteBehavior [ RunTime:0.000020s ]
INFO: [ app_init ] --END-- [ RunTime:0.000154s ]
INFO: [ app_begin ] --START--
INFO: Run Behavior\ReadHtmlCacheBehavior [ RunTime:0.002936s ]
INFO: [ app_begin ] --END-- [ RunTime:0.003027s ]
SQL: SHOW COLUMNS FROM `lunbo` [ RunTime:0.0014s ]
SQL: SELECT * FROM `lunbo` WHERE ( lun_show=1 ) ORDER BY lun_id desc LIMIT 0,3   [ RunTime:0.0003s ]
SQL: SHOW COLUMNS FROM `travel` [ RunTime:0.0018s ]
SQL: SELECT * FROM `travel` WHERE ( is_vip=1 ) ORDER BY tra_id desc LIMIT 0,4   [ RunTime:0.0004s ]
SQL: SELECT * FROM `travel` ORDER BY tra_id desc LIMIT 0,4   [ RunTime:0.0007s ]
SQL: SHOW COLUMNS FROM `article` [ RunTime:0.0024s ]
SQL: SELECT * FROM `article` WHERE ( a_status=1 ) ORDER BY a_id desc LIMIT 0,4   [ RunTime:0.0007s ]
INFO: [ view_parse ] --START--
INFO: [ template_filter ] --START--
INFO: Run Behavior\ContentReplaceBehavior [ RunTime:0.000204s ]
INFO: [ template_filter ] --END-- [ RunTime:0.000271s ]
NOTIC: [8] Use of undefined constant cat_id - assumed 'cat_id' /Applications/MAMP/htdocs/seeworld/Application/Runtime/Cache/Home/2a94b8bda04ff446dcedd42276fc99ee.php 第 114 行.
NOTIC: [8] Use of undefined constant lun_path - assumed 'lun_path' /Applications/MAMP/htdocs/seeworld/Application/Runtime/Cache/Home/2a94b8bda04ff446dcedd42276fc99ee.php 第 115 行.
NOTIC: [8] Use of undefined constant cat_id - assumed 'cat_id' /Applications/MAMP/htdocs/seeworld/Application/Runtime/Cache/Home/2a94b8bda04ff446dcedd42276fc99ee.php 第 114 行.
NOTIC: [8] Use of undefined constant lun_path - assumed 'lun_path' /Applications/MAMP/htdocs/seeworld/Application/Runtime/Cache/Home/2a94b8bda04ff446dcedd42276fc99ee.php 第 115 行.
NOTIC: [8] Use of undefined constant cat_id - assumed 'cat_id' /Applications/MAMP/htdocs/seeworld/Application/Runtime/Cache/Home/2a94b8bda04ff446dcedd42276fc99ee.php 第 114 行.
NOTIC: [8] Use of undefined constant lun_path - assumed 'lun_path' /Applications/MAMP/htdocs/seeworld/Application/Runtime/Cache/Home/2a94b8bda04ff446dcedd42276fc99ee.php 第 115 行.
NOTIC: [8] Use of undefined constant tra_id - assumed 'tra_id' /Applications/MAMP/htdocs/seeworld/Application/Runtime/Cache/Home/2a94b8bda04ff446dcedd42276fc99ee.php 第 144 行.
NOTIC: [8] Use of undefined constant tra_thumb - assumed 'tra_thumb' /Applications/MAMP/htdocs/seeworld/Application/Runtime/Cache/Home/2a94b8bda04ff446dcedd42276fc99ee.php 第 145 行.
NOTIC: [8] Use of undefined constant tra_name - assumed 'tra_name' /Applications/MAMP/htdocs/seeworld/Application/Runtime/Cache/Home/2a94b8bda04ff446dcedd42276fc99ee.php 第 147 行.
NOTIC: [8] Use of undefined constant tra_id - assumed 'tra_id' /Applications/MAMP/htdocs/seeworld/Application/Runtime/Cache/Home/2a94b8bda04ff446dcedd42276fc99ee.php 第 144 行.
NOTIC: [8] Use of undefined constant tra_thumb - assumed 'tra_thumb' /Applications/MAMP/htdocs/seeworld/Application/Runtime/Cache/Home/2a94b8bda04ff446dcedd42276fc99ee.php 第 145 行.
NOTIC: [8] Use of undefined constant tra_name - assumed 'tra_name' /Applications/MAMP/htdocs/seeworld/Application/Runtime/Cache/Home/2a94b8bda04ff446dcedd42276fc99ee.php 第 147 行.
NOTIC: [8] Use of undefined constant tra_id - assumed 'tra_id' /Applications/MAMP/htdocs/seeworld/Application/Runtime/Cache/Home/2a94b8bda04ff446dcedd42276fc99ee.php 第 144 行.
NOTIC: [8] Use of undefined constant tra_thumb - assumed 'tra_thumb' /Applications/MAMP/htdocs/seeworld/Application/Runtime/Cache/Home/2a94b8bda04ff446dcedd42276fc99ee.php 第 145 行.
NOTIC: [8] Use of undefined constant tra_name - assumed 'tra_name' /Applications/MAMP/htdocs/seeworld/Application/Runtime/Cache/Home/2a94b8bda04ff446dcedd42276fc99ee.php 第 147 行.
NOTIC: [8] Use of undefined constant tra_id - assumed 'tra_id' /Applications/MAMP/htdocs/seeworld/Application/Runtime/Cache/Home/2a94b8bda04ff446dcedd42276fc99ee.php 第 144 行.
NOTIC: [8] Use of undefined constant tra_thumb - assumed 'tra_thumb' /Applications/MAMP/htdocs/seeworld/Application/Runtime/Cache/Home/2a94b8bda04ff446dcedd42276fc99ee.php 第 145 行.
NOTIC: [8] Use of undefined constant tra_name - assumed 'tra_name' /Applications/MAMP/htdocs/seeworld/Application/Runtime/Cache/Home/2a94b8bda04ff446dcedd42276fc99ee.php 第 147 行.
NOTIC: [8] Use of undefined constant tra_id - assumed 'tra_id' /Applications/MAMP/htdocs/seeworld/Application/Runtime/Cache/Home/2a94b8bda04ff446dcedd42276fc99ee.php 第 160 行.
NOTIC: [8] Use of undefined constant tra_thumb - assumed 'tra_thumb' /Applications/MAMP/htdocs/seeworld/Application/Runtime/Cache/Home/2a94b8bda04ff446dcedd42276fc99ee.php 第 161 行.
NOTIC: [8] Use of undefined constant tra_name - assumed 'tra_name' /Applications/MAMP/htdocs/seeworld/Application/Runtime/Cache/Home/2a94b8bda04ff446dcedd42276fc99ee.php 第 163 行.
NOTIC: [8] Use of undefined constant tra_price - assumed 'tra_price' /Applications/MAMP/htdocs/seeworld/Application/Runtime/Cache/Home/2a94b8bda04ff446dcedd42276fc99ee.php 第 164 行.
NOTIC: [8] Use of undefined constant tra_id - assumed 'tra_id' /Applications/MAMP/htdocs/seeworld/Application/Runtime/Cache/Home/2a94b8bda04ff446dcedd42276fc99ee.php 第 160 行.
NOTIC: [8] Use of undefined constant tra_thumb - assumed 'tra_thumb' /Applications/MAMP/htdocs/seeworld/Application/Runtime/Cache/Home/2a94b8bda04ff446dcedd42276fc99ee.php 第 161 行.
NOTIC: [8] Use of undefined constant tra_name - assumed 'tra_name' /Applications/MAMP/htdocs/seeworld/Application/Runtime/Cache/Home/2a94b8bda04ff446dcedd42276fc99ee.php 第 163 行.
NOTIC: [8] Use of undefined constant tra_price - assumed 'tra_price' /Applications/MAMP/htdocs/seeworld/Application/Runtime/Cache/Home/2a94b8bda04ff446dcedd42276fc99ee.php 第 164 行.
NOTIC: [8] Use of undefined constant tra_id - assumed 'tra_id' /Applications/MAMP/htdocs/seeworld/Application/Runtime/Cache/Home/2a94b8bda04ff446dcedd42276fc99ee.php 第 160 行.
NOTIC: [8] Use of undefined constant tra_thumb - assumed 'tra_thumb' /Applications/MAMP/htdocs/seeworld/Application/Runtime/Cache/Home/2a94b8bda04ff446dcedd42276fc99ee.php 第 161 行.
NOTIC: [8] Use of undefined constant tra_name - assumed 'tra_name' /Applications/MAMP/htdocs/seeworld/Application/Runtime/Cache/Home/2a94b8bda04ff446dcedd42276fc99ee.php 第 163 行.
NOTIC: [8] Use of undefined constant tra_price - assumed 'tra_price' /Applications/MAMP/htdocs/seeworld/Application/Runtime/Cache/Home/2a94b8bda04ff446dcedd42276fc99ee.php 第 164 行.
NOTIC: [8] Use of undefined constant tra_id - assumed 'tra_id' /Applications/MAMP/htdocs/seeworld/Application/Runtime/Cache/Home/2a94b8bda04ff446dcedd42276fc99ee.php 第 160 行.
NOTIC: [8] Use of undefined constant tra_thumb - assumed 'tra_thumb' /Applications/MAMP/htdocs/seeworld/Application/Runtime/Cache/Home/2a94b8bda04ff446dcedd42276fc99ee.php 第 161 行.
NOTIC: [8] Use of undefined constant tra_name - assumed 'tra_name' /Applications/MAMP/htdocs/seeworld/Application/Runtime/Cache/Home/2a94b8bda04ff446dcedd42276fc99ee.php 第 163 行.
NOTIC: [8] Use of undefined constant tra_price - assumed 'tra_price' /Applications/MAMP/htdocs/seeworld/Application/Runtime/Cache/Home/2a94b8bda04ff446dcedd42276fc99ee.php 第 164 行.
NOTIC: [8] Use of undefined constant a_id - assumed 'a_id' /Applications/MAMP/htdocs/seeworld/Application/Runtime/Cache/Home/2a94b8bda04ff446dcedd42276fc99ee.php 第 215 行.
NOTIC: [8] Use of undefined constant a_img - assumed 'a_img' /Applications/MAMP/htdocs/seeworld/Application/Runtime/Cache/Home/2a94b8bda04ff446dcedd42276fc99ee.php 第 216 行.
NOTIC: [8] Use of undefined constant a_name - assumed 'a_name' /Applications/MAMP/htdocs/seeworld/Application/Runtime/Cache/Home/2a94b8bda04ff446dcedd42276fc99ee.php 第 219 行.
NOTIC: [8] Use of undefined constant a_id - assumed 'a_id' /Applications/MAMP/htdocs/seeworld/Application/Runtime/Cache/Home/2a94b8bda04ff446dcedd42276fc99ee.php 第 215 行.
NOTIC: [8] Use of undefined constant a_img - assumed 'a_img' /Applications/MAMP/htdocs/seeworld/Application/Runtime/Cache/Home/2a94b8bda04ff446dcedd42276fc99ee.php 第 216 行.
NOTIC: [8] Use of undefined constant a_name - assumed 'a_name' /Applications/MAMP/htdocs/seeworld/Application/Runtime/Cache/Home/2a94b8bda04ff446dcedd42276fc99ee.php 第 219 行.
NOTIC: [8] Use of undefined constant a_id - assumed 'a_id' /Applications/MAMP/htdocs/seeworld/Application/Runtime/Cache/Home/2a94b8bda04ff446dcedd42276fc99ee.php 第 215 行.
NOTIC: [8] Use of undefined constant a_img - assumed 'a_img' /Applications/MAMP/htdocs/seeworld/Application/Runtime/Cache/Home/2a94b8bda04ff446dcedd42276fc99ee.php 第 216 行.
NOTIC: [8] Use of undefined constant a_name - assumed 'a_name' /Applications/MAMP/htdocs/seeworld/Application/Runtime/Cache/Home/2a94b8bda04ff446dcedd42276fc99ee.php 第 219 行.
NOTIC: [8] Use of undefined constant a_id - assumed 'a_id' /Applications/MAMP/htdocs/seeworld/Application/Runtime/Cache/Home/2a94b8bda04ff446dcedd42276fc99ee.php 第 215 行.
NOTIC: [8] Use of undefined constant a_img - assumed 'a_img' /Applications/MAMP/htdocs/seeworld/Application/Runtime/Cache/Home/2a94b8bda04ff446dcedd42276fc99ee.php 第 216 行.
NOTIC: [8] Use of undefined constant a_name - assumed 'a_name' /Applications/MAMP/htdocs/seeworld/Application/Runtime/Cache/Home/2a94b8bda04ff446dcedd42276fc99ee.php 第 219 行.
INFO: Run Behavior\ParseTemplateBehavior [ RunTime:0.020756s ]
INFO: [ view_parse ] --END-- [ RunTime:0.020885s ]
INFO: [ view_filter ] --START--
INFO: Run Behavior\WriteHtmlCacheBehavior [ RunTime:0.000478s ]
INFO: [ view_filter ] --END-- [ RunTime:0.000524s ]
INFO: [ app_end ] --START--
INFO: Run Behavior\ShowPageTraceBehavior [ RunTime:0.000863s ]
INFO: [ app_end ] --END-- [ RunTime:0.000913s ]

[ 2017-01-20T22:27:32+08:00 ] ::1 /seeworld/index.php/Home/Private/private1.html
INFO: [ app_init ] --START--
INFO: Run Behavior\BuildLiteBehavior [ RunTime:0.000023s ]
INFO: [ app_init ] --END-- [ RunTime:0.000199s ]
INFO: [ app_begin ] --START--
INFO: Run Behavior\ReadHtmlCacheBehavior [ RunTime:0.003121s ]
INFO: [ app_begin ] --END-- [ RunTime:0.003306s ]
SQL: SHOW COLUMNS FROM `city` [ RunTime:0.0020s ]
SQL: SELECT * FROM `city` INNER JOIN inter on city.city_id=inter.city_id  GROUP BY city.city_id  [ RunTime:0.0027s ]
INFO: [ view_parse ] --START--
INFO: [ template_filter ] --START--
INFO: Run Behavior\ContentReplaceBehavior [ RunTime:0.000436s ]
INFO: [ template_filter ] --END-- [ RunTime:0.000612s ]
INFO: Run Behavior\ParseTemplateBehavior [ RunTime:0.028793s ]
INFO: [ view_parse ] --END-- [ RunTime:0.028870s ]
INFO: [ view_filter ] --START--
INFO: Run Behavior\WriteHtmlCacheBehavior [ RunTime:0.000663s ]
INFO: [ view_filter ] --END-- [ RunTime:0.000760s ]
INFO: [ app_end ] --START--
INFO: Run Behavior\ShowPageTraceBehavior [ RunTime:0.001208s ]
INFO: [ app_end ] --END-- [ RunTime:0.001310s ]

[ 2017-01-20T22:27:36+08:00 ] ::1 /seeworld/index.php/Home/Private/city.html?city_id=1
INFO: [ app_init ] --START--
INFO: Run Behavior\BuildLiteBehavior [ RunTime:0.000015s ]
INFO: [ app_init ] --END-- [ RunTime:0.000083s ]
INFO: [ app_begin ] --START--
INFO: Run Behavior\ReadHtmlCacheBehavior [ RunTime:0.000595s ]
INFO: [ app_begin ] --END-- [ RunTime:0.000679s ]
SQL: SHOW COLUMNS FROM `city` [ RunTime:0.0011s ]
SQL: SELECT * FROM `city` WHERE ( city_id=1 ) LIMIT 1   [ RunTime:0.0002s ]
INFO: [ app_end ] --START--
INFO: Run Behavior\ShowPageTraceBehavior [ RunTime:0.000908s ]
INFO: [ app_end ] --END-- [ RunTime:0.001073s ]

[ 2017-01-20T22:27:37+08:00 ] ::1 /seeworld/index.php/Home/Private/city.html?city_id=2
INFO: [ app_init ] --START--
INFO: Run Behavior\BuildLiteBehavior [ RunTime:0.000019s ]
INFO: [ app_init ] --END-- [ RunTime:0.000101s ]
INFO: [ app_begin ] --START--
INFO: Run Behavior\ReadHtmlCacheBehavior [ RunTime:0.000836s ]
INFO: [ app_begin ] --END-- [ RunTime:0.001059s ]
SQL: SHOW COLUMNS FROM `city` [ RunTime:0.0064s ]
SQL: SELECT * FROM `city` WHERE ( city_id=2 ) LIMIT 1   [ RunTime:0.0007s ]
INFO: [ app_end ] --START--
INFO: Run Behavior\ShowPageTraceBehavior [ RunTime:0.001149s ]
INFO: [ app_end ] --END-- [ RunTime:0.001260s ]

[ 2017-01-20T22:27:38+08:00 ] ::1 /seeworld/index.php/Home/Private/city.html?city_id=1
INFO: [ app_init ] --START--
INFO: Run Behavior\BuildLiteBehavior [ RunTime:0.000011s ]
INFO: [ app_init ] --END-- [ RunTime:0.000065s ]
INFO: [ app_begin ] --START--
INFO: Run Behavior\ReadHtmlCacheBehavior [ RunTime:0.000415s ]
INFO: [ app_begin ] --END-- [ RunTime:0.000456s ]
SQL: SHOW COLUMNS FROM `city` [ RunTime:0.0031s ]
SQL: SELECT * FROM `city` WHERE ( city_id=1 ) LIMIT 1   [ RunTime:0.0003s ]
INFO: [ app_end ] --START--
INFO: Run Behavior\ShowPageTraceBehavior [ RunTime:0.000832s ]
INFO: [ app_end ] --END-- [ RunTime:0.000894s ]

[ 2017-01-20T22:27:51+08:00 ] ::1 /seeworld/index.php/Home/Service/service.html
INFO: [ app_init ] --START--
INFO: Run Behavior\BuildLiteBehavior [ RunTime:0.000019s ]
INFO: [ app_init ] --END-- [ RunTime:0.000101s ]
INFO: [ app_begin ] --START--
INFO: Run Behavior\ReadHtmlCacheBehavior [ RunTime:0.000644s ]
INFO: [ app_begin ] --END-- [ RunTime:0.000734s ]
SQL: SHOW COLUMNS FROM `country` [ RunTime:0.0028s ]
SQL: SELECT * FROM `country`  [ RunTime:0.0009s ]
SQL: SHOW COLUMNS FROM `city` [ RunTime:0.0019s ]
SQL: SELECT * FROM `city`  [ RunTime:0.0015s ]
SQL: SHOW COLUMNS FROM `type` [ RunTime:0.0037s ]
SQL: SELECT * FROM `type` GROUP BY t_name  [ RunTime:0.0002s ]
SQL: SHOW COLUMNS FROM `service` [ RunTime:0.0015s ]
SQL: SELECT * FROM `service`  [ RunTime:0.0008s ]
SQL: SHOW COLUMNS FROM `type` [ RunTime:0.0014s ]
SQL: SELECT * FROM `type` WHERE ( t_name='' )  [ RunTime:0.0007s ]
SQL: SELECT * FROM `type` WHERE ( coun_id='' and city_id='' and t_name='' ) LIMIT 1   [ RunTime:0.0006s ]
INFO: [ view_parse ] --START--
INFO: [ template_filter ] --START--
INFO: Run Behavior\ContentReplaceBehavior [ RunTime:0.000184s ]
INFO: [ template_filter ] --END-- [ RunTime:0.000340s ]
NOTIC: [8] Undefined variable: page /Applications/MAMP/htdocs/seeworld/Application/Runtime/Cache/Home/b17d78e560f31b3a0a3fc331cbe1b539.php 第 140 行.
INFO: Run Behavior\ParseTemplateBehavior [ RunTime:0.027602s ]
INFO: [ view_parse ] --END-- [ RunTime:0.027684s ]
INFO: [ view_filter ] --START--
INFO: Run Behavior\WriteHtmlCacheBehavior [ RunTime:0.000404s ]
INFO: [ view_filter ] --END-- [ RunTime:0.000463s ]
NOTIC: [2] Cannot modify header information - headers already sent by (output started at /Applications/MAMP/htdocs/seeworld/Application/Home/Controller/ServiceController.class.php:135) /Applications/MAMP/htdocs/seeworld/ThinkPHP/Library/Think/View.class.php 第 91 行.
NOTIC: [2] Cannot modify header information - headers already sent by (output started at /Applications/MAMP/htdocs/seeworld/Application/Home/Controller/ServiceController.class.php:135) /Applications/MAMP/htdocs/seeworld/ThinkPHP/Library/Think/View.class.php 第 92 行.
NOTIC: [2] Cannot modify header information - headers already sent by (output started at /Applications/MAMP/htdocs/seeworld/Application/Home/Controller/ServiceController.class.php:135) /Applications/MAMP/htdocs/seeworld/ThinkPHP/Library/Think/View.class.php 第 93 行.
INFO: [ app_end ] --START--
INFO: Run Behavior\ShowPageTraceBehavior [ RunTime:0.001204s ]
INFO: [ app_end ] --END-- [ RunTime:0.001435s ]

[ 2017-01-20T22:27:53+08:00 ] ::1 /seeworld/index.php/Home/Service/service/coun_id/1/t_name/%E5%8F%B8%E5%85%BC%E5%AF%BC.html
INFO: [ app_init ] --START--
INFO: Run Behavior\BuildLiteBehavior [ RunTime:0.000017s ]
INFO: [ app_init ] --END-- [ RunTime:0.000094s ]
INFO: [ app_begin ] --START--
INFO: Run Behavior\ReadHtmlCacheBehavior [ RunTime:0.000826s ]
INFO: [ app_begin ] --END-- [ RunTime:0.001034s ]
SQL: SHOW COLUMNS FROM `country` [ RunTime:0.0026s ]
SQL: SELECT * FROM `country`  [ RunTime:0.0002s ]
SQL: SHOW COLUMNS FROM `city` [ RunTime:0.0010s ]
SQL: SELECT * FROM `city`  [ RunTime:0.0002s ]
SQL: SHOW COLUMNS FROM `type` [ RunTime:0.0009s ]
SQL: SELECT * FROM `type` GROUP BY t_name  [ RunTime:0.0002s ]
SQL: SHOW COLUMNS FROM `service` [ RunTime:0.0011s ]
SQL: SELECT * FROM `service`  [ RunTime:0.0002s ]
SQL: SHOW COLUMNS FROM `type` [ RunTime:0.0016s ]
SQL: SELECT * FROM `type` WHERE ( t_name='司兼导' )  [ RunTime:0.0005s ]
SQL: SELECT * FROM `type` WHERE ( coun_id='1' and city_id='' and t_name='司兼导' ) LIMIT 1   [ RunTime:0.0008s ]
SQL: SELECT * FROM `city` WHERE ( coun_id=1 )  [ RunTime:0.0007s ]
SQL: SELECT * FROM `type` WHERE ( coun_id=1 ) GROUP BY t_name  [ RunTime:0.0007s ]
SQL: SELECT * FROM `service` WHERE ( coun_id=1 )  [ RunTime:0.0006s ]
SQL: SELECT * FROM `service` WHERE ( t_id in (3) )  [ RunTime:0.0004s ]
INFO: [ view_parse ] --START--
INFO: [ template_filter ] --START--
INFO: Run Behavior\ContentReplaceBehavior [ RunTime:0.000193s ]
INFO: [ template_filter ] --END-- [ RunTime:0.000316s ]
NOTIC: [8] Undefined variable: page /Applications/MAMP/htdocs/seeworld/Application/Runtime/Cache/Home/b17d78e560f31b3a0a3fc331cbe1b539.php 第 140 行.
INFO: Run Behavior\ParseTemplateBehavior [ RunTime:0.017678s ]
INFO: [ view_parse ] --END-- [ RunTime:0.017764s ]
INFO: [ view_filter ] --START--
INFO: Run Behavior\WriteHtmlCacheBehavior [ RunTime:0.000475s ]
INFO: [ view_filter ] --END-- [ RunTime:0.000549s ]
NOTIC: [2] Cannot modify header information - headers already sent by (output started at /Applications/MAMP/htdocs/seeworld/Application/Home/Controller/ServiceController.class.php:135) /Applications/MAMP/htdocs/seeworld/ThinkPHP/Library/Think/View.class.php 第 91 行.
NOTIC: [2] Cannot modify header information - headers already sent by (output started at /Applications/MAMP/htdocs/seeworld/Application/Home/Controller/ServiceController.class.php:135) /Applications/MAMP/htdocs/seeworld/ThinkPHP/Library/Think/View.class.php 第 92 行.
NOTIC: [2] Cannot modify header information - headers already sent by (output started at /Applications/MAMP/htdocs/seeworld/Application/Home/Controller/ServiceController.class.php:135) /Applications/MAMP/htdocs/seeworld/ThinkPHP/Library/Think/View.class.php 第 93 行.
INFO: [ app_end ] --START--
INFO: Run Behavior\ShowPageTraceBehavior [ RunTime:0.001025s ]
INFO: [ app_end ] --END-- [ RunTime:0.001153s ]

[ 2017-01-20T22:27:58+08:00 ] ::1 /seeworld/index.php/Home/Travel/travel.html
INFO: [ app_init ] --START--
INFO: Run Behavior\BuildLiteBehavior [ RunTime:0.000015s ]
INFO: [ app_init ] --END-- [ RunTime:0.000081s ]
INFO: [ app_begin ] --START--
INFO: Run Behavior\ReadHtmlCacheBehavior [ RunTime:0.001073s ]
INFO: [ app_begin ] --END-- [ RunTime:0.001468s ]
SQL: SHOW COLUMNS FROM `travel` [ RunTime:0.0020s ]
SQL: SELECT travel.*,`cat_name` FROM `travel` INNER JOIN cat  ON  travel.cat_id = cat.cat_id    [ RunTime:0.0038s ]
SQL: SHOW COLUMNS FROM `cat` [ RunTime:0.0015s ]
SQL: SELECT * FROM `cat`  [ RunTime:0.0005s ]
NOTIC: [8] Undefined index: cat_id /Applications/MAMP/htdocs/seeworld/Application/Home/Controller/TravelController.class.php 第 17 行.
SQL: SELECT * FROM `cat` LIMIT 1   [ RunTime:0.0005s ]
NOTIC: [8] Undefined index: cat_id /Applications/MAMP/htdocs/seeworld/Application/Home/Controller/TravelController.class.php 第 23 行.
INFO: [ view_parse ] --START--
INFO: [ template_filter ] --START--
INFO: Run Behavior\ContentReplaceBehavior [ RunTime:0.000166s ]
INFO: [ template_filter ] --END-- [ RunTime:0.000326s ]
INFO: Run Behavior\ParseTemplateBehavior [ RunTime:0.014561s ]
INFO: [ view_parse ] --END-- [ RunTime:0.014701s ]
INFO: [ view_filter ] --START--
INFO: Run Behavior\WriteHtmlCacheBehavior [ RunTime:0.000596s ]
INFO: [ view_filter ] --END-- [ RunTime:0.000651s ]
INFO: [ app_end ] --START--
INFO: Run Behavior\ShowPageTraceBehavior [ RunTime:0.000983s ]
INFO: [ app_end ] --END-- [ RunTime:0.001085s ]

[ 2017-01-20T22:28:05+08:00 ] ::1 /seeworld/index.php/Home/Theme/theme/tra_id/5.html
INFO: [ app_init ] --START--
INFO: Run Behavior\BuildLiteBehavior [ RunTime:0.000048s ]
INFO: [ app_init ] --END-- [ RunTime:0.000302s ]
INFO: [ app_begin ] --START--
INFO: Run Behavior\ReadHtmlCacheBehavior [ RunTime:0.001004s ]
INFO: [ app_begin ] --END-- [ RunTime:0.001156s ]
NOTIC: [2] Declaration of Home\Controller\ThemeController::theme() should be compatible with Think\Controller::theme($theme) /Applications/MAMP/htdocs/seeworld/Application/Home/Controller/ThemeController.class.php 第 23 行.
SQL: SHOW COLUMNS FROM `travel` [ RunTime:0.0016s ]
SQL: SELECT * FROM `travel` INNER JOIN cat ON travel.cat_id = cat.cat_id  WHERE `tra_id` = '5' LIMIT 1   [ RunTime:0.0005s ]
SQL: SHOW COLUMNS FROM `traxc` [ RunTime:0.0072s ]
SQL: SELECT * FROM `traxc` WHERE ( tra_id=5 ) LIMIT 1   [ RunTime:0.0008s ]
SQL: SHOW COLUMNS FROM `date` [ RunTime:0.0040s ]
SQL: SELECT * FROM `date` WHERE ( tra_id )  [ RunTime:0.0002s ]
INFO: [ view_parse ] --START--
INFO: [ template_filter ] --START--
INFO: Run Behavior\ContentReplaceBehavior [ RunTime:0.000272s ]
INFO: [ template_filter ] --END-- [ RunTime:0.000353s ]
NOTIC: [8] Use of undefined constant cat_id - assumed 'cat_id' /Applications/MAMP/htdocs/seeworld/Application/Runtime/Cache/Home/674709428c2fc9be01a833685b4f026d.php 第 127 行.
NOTIC: [8] Use of undefined constant tra_limit - assumed 'tra_limit' /Applications/MAMP/htdocs/seeworld/Application/Runtime/Cache/Home/674709428c2fc9be01a833685b4f026d.php 第 136 行.
NOTIC: [8] Use of undefined constant tra_people - assumed 'tra_people' /Applications/MAMP/htdocs/seeworld/Application/Runtime/Cache/Home/674709428c2fc9be01a833685b4f026d.php 第 136 行.
NOTIC: [8] Use of undefined constant tra_limit - assumed 'tra_limit' /Applications/MAMP/htdocs/seeworld/Application/Runtime/Cache/Home/674709428c2fc9be01a833685b4f026d.php 第 231 行.
NOTIC: [8] Use of undefined constant tra_people - assumed 'tra_people' /Applications/MAMP/htdocs/seeworld/Application/Runtime/Cache/Home/674709428c2fc9be01a833685b4f026d.php 第 231 行.
NOTIC: [8] Use of undefined constant tra_limit - assumed 'tra_limit' /Applications/MAMP/htdocs/seeworld/Application/Runtime/Cache/Home/674709428c2fc9be01a833685b4f026d.php 第 247 行.
NOTIC: [8] Use of undefined constant tra_people - assumed 'tra_people' /Applications/MAMP/htdocs/seeworld/Application/Runtime/Cache/Home/674709428c2fc9be01a833685b4f026d.php 第 247 行.
NOTIC: [8] Use of undefined constant tra_limit - assumed 'tra_limit' /Applications/MAMP/htdocs/seeworld/Application/Runtime/Cache/Home/674709428c2fc9be01a833685b4f026d.php 第 294 行.
NOTIC: [8] Use of undefined constant tra_people - assumed 'tra_people' /Applications/MAMP/htdocs/seeworld/Application/Runtime/Cache/Home/674709428c2fc9be01a833685b4f026d.php 第 294 行.
NOTIC: [8] Use of undefined constant tra_limit - assumed 'tra_limit' /Applications/MAMP/htdocs/seeworld/Application/Runtime/Cache/Home/674709428c2fc9be01a833685b4f026d.php 第 311 行.
NOTIC: [8] Use of undefined constant tra_people - assumed 'tra_people' /Applications/MAMP/htdocs/seeworld/Application/Runtime/Cache/Home/674709428c2fc9be01a833685b4f026d.php 第 311 行.
NOTIC: [8] Use of undefined constant tra_limit - assumed 'tra_limit' /Applications/MAMP/htdocs/seeworld/Application/Runtime/Cache/Home/674709428c2fc9be01a833685b4f026d.php 第 451 行.
NOTIC: [8] Use of undefined constant tra_people - assumed 'tra_people' /Applications/MAMP/htdocs/seeworld/Application/Runtime/Cache/Home/674709428c2fc9be01a833685b4f026d.php 第 451 行.
INFO: Run Behavior\ParseTemplateBehavior [ RunTime:0.026013s ]
INFO: [ view_parse ] --END-- [ RunTime:0.026098s ]
INFO: [ view_filter ] --START--
INFO: Run Behavior\WriteHtmlCacheBehavior [ RunTime:0.000606s ]
INFO: [ view_filter ] --END-- [ RunTime:0.000781s ]
INFO: [ app_end ] --START--
INFO: Run Behavior\ShowPageTraceBehavior [ RunTime:0.000682s ]
INFO: [ app_end ] --END-- [ RunTime:0.000773s ]

[ 2017-01-20T23:04:51+08:00 ] 127.0.0.1 /seeworld/index.php/Home/Private/private1.html
INFO: [ app_init ] --START--
INFO: Run Behavior\BuildLiteBehavior [ RunTime:0.000021s ]
INFO: [ app_init ] --END-- [ RunTime:0.000151s ]
INFO: [ app_begin ] --START--
INFO: Run Behavior\ReadHtmlCacheBehavior [ RunTime:0.000903s ]
INFO: [ app_begin ] --END-- [ RunTime:0.000977s ]
SQL: SHOW COLUMNS FROM `city` [ RunTime:0.0381s ]
SQL: SELECT * FROM `city` INNER JOIN inter on city.city_id=inter.city_id  GROUP BY city.city_id  [ RunTime:0.0061s ]
INFO: [ view_parse ] --START--
INFO: [ template_filter ] --START--
INFO: Run Behavior\ContentReplaceBehavior [ RunTime:0.000337s ]
INFO: [ template_filter ] --END-- [ RunTime:0.000411s ]
INFO: Run Behavior\ParseTemplateBehavior [ RunTime:0.028016s ]
INFO: [ view_parse ] --END-- [ RunTime:0.028082s ]
INFO: [ view_filter ] --START--
INFO: Run Behavior\WriteHtmlCacheBehavior [ RunTime:0.000866s ]
INFO: [ view_filter ] --END-- [ RunTime:0.000913s ]
INFO: [ app_end ] --START--
INFO: Run Behavior\ShowPageTraceBehavior [ RunTime:0.001819s ]
INFO: [ app_end ] --END-- [ RunTime:0.001900s ]

[ 2017-01-20T23:04:53+08:00 ] 127.0.0.1 /seeworld/index.php/Home/Private/city.html?city_id=1
INFO: [ app_init ] --START--
INFO: Run Behavior\BuildLiteBehavior [ RunTime:0.000013s ]
INFO: [ app_init ] --END-- [ RunTime:0.000077s ]
INFO: [ app_begin ] --START--
INFO: Run Behavior\ReadHtmlCacheBehavior [ RunTime:0.000427s ]
INFO: [ app_begin ] --END-- [ RunTime:0.000468s ]
SQL: SHOW COLUMNS FROM `city` [ RunTime:0.0012s ]
SQL: SELECT * FROM `city` WHERE ( city_id=1 ) LIMIT 1   [ RunTime:0.0002s ]
INFO: [ app_end ] --START--
INFO: Run Behavior\ShowPageTraceBehavior [ RunTime:0.000521s ]
INFO: [ app_end ] --END-- [ RunTime:0.000566s ]

[ 2017-01-20T23:04:56+08:00 ] 127.0.0.1 /seeworld/index.php/Home/Private/inters.html?c_id=1
INFO: [ app_init ] --START--
INFO: Run Behavior\BuildLiteBehavior [ RunTime:0.000016s ]
INFO: [ app_init ] --END-- [ RunTime:0.000083s ]
INFO: [ app_begin ] --START--
INFO: Run Behavior\ReadHtmlCacheBehavior [ RunTime:0.000549s ]
INFO: [ app_begin ] --END-- [ RunTime:0.000622s ]
SQL: SHOW COLUMNS FROM `inter` [ RunTime:0.0013s ]
SQL: SELECT * FROM `inter` WHERE ( city_id=1 )  [ RunTime:0.0002s ]
INFO: [ app_end ] --START--
INFO: Run Behavior\ShowPageTraceBehavior [ RunTime:0.000526s ]
INFO: [ app_end ] --END-- [ RunTime:0.000572s ]

[ 2017-01-20T23:04:56+08:00 ] 127.0.0.1 /seeworld/index.php/Home/Private/inter.html?i_id=1
INFO: [ app_init ] --START--
INFO: Run Behavior\BuildLiteBehavior [ RunTime:0.000049s ]
INFO: [ app_init ] --END-- [ RunTime:0.000119s ]
INFO: [ app_begin ] --START--
INFO: Run Behavior\ReadHtmlCacheBehavior [ RunTime:0.000441s ]
INFO: [ app_begin ] --END-- [ RunTime:0.000485s ]
SQL: SHOW COLUMNS FROM `inter` [ RunTime:0.0013s ]
SQL: SELECT * FROM `inter` WHERE ( i_id=1 ) LIMIT 1   [ RunTime:0.0002s ]
INFO: [ app_end ] --START--
INFO: Run Behavior\ShowPageTraceBehavior [ RunTime:0.000533s ]
INFO: [ app_end ] --END-- [ RunTime:0.000584s ]

[ 2017-01-20T23:04:58+08:00 ] 127.0.0.1 /seeworld/index.php/Home/Private/inter.html?i_id=2
INFO: [ app_init ] --START--
INFO: Run Behavior\BuildLiteBehavior [ RunTime:0.000012s ]
INFO: [ app_init ] --END-- [ RunTime:0.000067s ]
INFO: [ app_begin ] --START--
INFO: Run Behavior\ReadHtmlCacheBehavior [ RunTime:0.000434s ]
INFO: [ app_begin ] --END-- [ RunTime:0.000475s ]
SQL: SHOW COLUMNS FROM `inter` [ RunTime:0.0011s ]
SQL: SELECT * FROM `inter` WHERE ( i_id=2 ) LIMIT 1   [ RunTime:0.0002s ]
INFO: [ app_end ] --START--
INFO: Run Behavior\ShowPageTraceBehavior [ RunTime:0.000557s ]
INFO: [ app_end ] --END-- [ RunTime:0.000602s ]

[ 2017-01-20T23:04:58+08:00 ] 127.0.0.1 /seeworld/index.php/Home/Private/inter.html?i_id=3
INFO: [ app_init ] --START--
INFO: Run Behavior\BuildLiteBehavior [ RunTime:0.000015s ]
INFO: [ app_init ] --END-- [ RunTime:0.000079s ]
INFO: [ app_begin ] --START--
INFO: Run Behavior\ReadHtmlCacheBehavior [ RunTime:0.000463s ]
INFO: [ app_begin ] --END-- [ RunTime:0.000504s ]
SQL: SHOW COLUMNS FROM `inter` [ RunTime:0.0012s ]
SQL: SELECT * FROM `inter` WHERE ( i_id=3 ) LIMIT 1   [ RunTime:0.0002s ]
INFO: [ app_end ] --START--
INFO: Run Behavior\ShowPageTraceBehavior [ RunTime:0.000561s ]
INFO: [ app_end ] --END-- [ RunTime:0.000604s ]

[ 2017-01-20T23:04:59+08:00 ] 127.0.0.1 /seeworld/index.php/Home/Private/inter.html?i_id=4
INFO: [ app_init ] --START--
INFO: Run Behavior\BuildLiteBehavior [ RunTime:0.000011s ]
INFO: [ app_init ] --END-- [ RunTime:0.000068s ]
INFO: [ app_begin ] --START--
INFO: Run Behavior\ReadHtmlCacheBehavior [ RunTime:0.000427s ]
INFO: [ app_begin ] --END-- [ RunTime:0.000469s ]
SQL: SHOW COLUMNS FROM `inter` [ RunTime:0.0028s ]
SQL: SELECT * FROM `inter` WHERE ( i_id=4 ) LIMIT 1   [ RunTime:0.0003s ]
INFO: [ app_end ] --START--
INFO: Run Behavior\ShowPageTraceBehavior [ RunTime:0.000579s ]
INFO: [ app_end ] --END-- [ RunTime:0.000624s ]

[ 2017-01-20T23:05:04+08:00 ] 127.0.0.1 /seeworld/index.php/Home/Private/private2.html
INFO: [ app_init ] --START--
INFO: Run Behavior\BuildLiteBehavior [ RunTime:0.000015s ]
INFO: [ app_init ] --END-- [ RunTime:0.000102s ]
INFO: [ app_begin ] --START--
INFO: Run Behavior\ReadHtmlCacheBehavior [ RunTime:0.000536s ]
INFO: [ app_begin ] --END-- [ RunTime:0.000583s ]
INFO: [ view_parse ] --START--
INFO: [ template_filter ] --START--
INFO: Run Behavior\ContentReplaceBehavior [ RunTime:0.000249s ]
INFO: [ template_filter ] --END-- [ RunTime:0.000316s ]
INFO: Run Behavior\ParseTemplateBehavior [ RunTime:0.013838s ]
INFO: [ view_parse ] --END-- [ RunTime:0.013910s ]
INFO: [ view_filter ] --START--
INFO: Run Behavior\WriteHtmlCacheBehavior [ RunTime:0.000192s ]
INFO: [ view_filter ] --END-- [ RunTime:0.000233s ]
INFO: [ app_end ] --START--
INFO: Run Behavior\ShowPageTraceBehavior [ RunTime:0.000676s ]
INFO: [ app_end ] --END-- [ RunTime:0.000729s ]

[ 2017-01-20T23:05:08+08:00 ] 127.0.0.1 /seeworld/index.php/Home/Private/getJd.html?city_id=1&intro_name_0=%E6%B8%B8%E5%AD%A6%E6%96%87%E5%8C%96&intro_name_1=
INFO: [ app_init ] --START--
INFO: Run Behavior\BuildLiteBehavior [ RunTime:0.000055s ]
INFO: [ app_init ] --END-- [ RunTime:0.000147s ]
INFO: [ app_begin ] --START--
INFO: Run Behavior\ReadHtmlCacheBehavior [ RunTime:0.000772s ]
INFO: [ app_begin ] --END-- [ RunTime:0.000822s ]
SQL: SHOW COLUMNS FROM `jingdian` [ RunTime:0.0031s ]
SQL: SELECT * FROM `jingdian` WHERE ( city_id=1 and i_name like '%游学文化%' )  [ RunTime:0.0052s ]
INFO: [ app_end ] --START--
INFO: Run Behavior\ShowPageTraceBehavior [ RunTime:0.000707s ]
INFO: [ app_end ] --END-- [ RunTime:0.000790s ]

[ 2017-01-20T23:05:09+08:00 ] 127.0.0.1 /seeworld/index.php/Home/Private/getHotel.html?city_id=1
INFO: [ app_init ] --START--
INFO: Run Behavior\BuildLiteBehavior [ RunTime:0.000025s ]
INFO: [ app_init ] --END-- [ RunTime:0.000144s ]
INFO: [ app_begin ] --START--
INFO: Run Behavior\ReadHtmlCacheBehavior [ RunTime:0.000837s ]
INFO: [ app_begin ] --END-- [ RunTime:0.001023s ]
SQL: SHOW COLUMNS FROM `service` [ RunTime:0.0033s ]
SQL: SELECT * FROM `service` WHERE ( city_id=1 and t_id=4 )  [ RunTime:0.0005s ]
INFO: [ app_end ] --START--
INFO: Run Behavior\ShowPageTraceBehavior [ RunTime:0.000750s ]
INFO: [ app_end ] --END-- [ RunTime:0.000812s ]

[ 2017-01-20T23:05:10+08:00 ] 127.0.0.1 /seeworld/index.php/Home/Private/getJd.html?city_id=1&intro_name_0=%E6%B8%B8%E5%AD%A6%E6%96%87%E5%8C%96&intro_name_1=
INFO: [ app_init ] --START--
INFO: Run Behavior\BuildLiteBehavior [ RunTime:0.000013s ]
INFO: [ app_init ] --END-- [ RunTime:0.000077s ]
INFO: [ app_begin ] --START--
INFO: Run Behavior\ReadHtmlCacheBehavior [ RunTime:0.000426s ]
INFO: [ app_begin ] --END-- [ RunTime:0.000466s ]
SQL: SHOW COLUMNS FROM `jingdian` [ RunTime:0.0011s ]
SQL: SELECT * FROM `jingdian` WHERE ( city_id=1 and i_name like '%游学文化%' )  [ RunTime:0.0002s ]
INFO: [ app_end ] --START--
INFO: Run Behavior\ShowPageTraceBehavior [ RunTime:0.000524s ]
INFO: [ app_end ] --END-- [ RunTime:0.000568s ]

