[ 2016-11-08T09:41:57+08:00 ] ::1 /seeworld/index.php/main.html
INFO: [ app_init ] --START--
INFO: Run Behavior\BuildLiteBehavior [ RunTime:0.000028s ]
INFO: [ app_init ] --END-- [ RunTime:0.000461s ]
ERR: 无法加载模块:Main

[ 2016-11-08T09:41:57+08:00 ] ::1 /seeworld/index.php/inc/head.html
INFO: [ app_init ] --START--
INFO: Run Behavior\BuildLiteBehavior [ RunTime:0.000016s ]
INFO: [ app_init ] --END-- [ RunTime:0.000475s ]
ERR: 无法加载模块:Inc

[ 2016-11-08T09:41:57+08:00 ] ::1 /seeworld/index.php/inc/left.html
INFO: [ app_init ] --START--
INFO: Run Behavior\BuildLiteBehavior [ RunTime:0.000013s ]
INFO: [ app_init ] --END-- [ RunTime:0.000395s ]
ERR: 无法加载模块:Inc

[ 2016-11-08T09:42:50+08:00 ] ::1 /seeworld/index.php/main.html
INFO: [ app_init ] --START--
INFO: Run Behavior\BuildLiteBehavior [ RunTime:0.000016s ]
INFO: [ app_init ] --END-- [ RunTime:0.000484s ]
ERR: 无法加载模块:Main

[ 2016-11-08T09:42:50+08:00 ] ::1 /seeworld/index.php/inc/left.html
INFO: [ app_init ] --START--
INFO: Run Behavior\BuildLiteBehavior [ RunTime:0.000017s ]
INFO: [ app_init ] --END-- [ RunTime:0.000431s ]
ERR: 无法加载模块:Inc

[ 2016-11-08T09:43:26+08:00 ] ::1 /seeworld/index.php/main.html
INFO: [ app_init ] --START--
INFO: Run Behavior\BuildLiteBehavior [ RunTime:0.000015s ]
INFO: [ app_init ] --END-- [ RunTime:0.000605s ]
ERR: 无法加载模块:Main

[ 2016-11-08T09:43:36+08:00 ] ::1 /seeworld/index.php/main.html
INFO: [ app_init ] --START--
INFO: Run Behavior\BuildLiteBehavior [ RunTime:0.000011s ]
INFO: [ app_init ] --END-- [ RunTime:0.000321s ]
ERR: 无法加载模块:Main

[ 2016-11-08T16:43:40+08:00 ] ::1 /seeworld/index.php/index.php-r=book%7Cindex.html
INFO: [ app_init ] --START--
INFO: Run Behavior\BuildLiteBehavior [ RunTime:0.000015s ]
INFO: [ app_init ] --END-- [ RunTime:0.000676s ]
ERR: 无法加载模块:Index.php-r=book|index

[ 2016-11-08T17:49:44+08:00 ] ::1 /seeworld/index.php/index.php-r=book%7Cindex.html
INFO: [ app_init ] --START--
INFO: Run Behavior\BuildLiteBehavior [ RunTime:0.000018s ]
INFO: [ app_init ] --END-- [ RunTime:0.000675s ]
ERR: 无法加载模块:Index.php-r=book|index

[ 2016-11-08T19:00:33+08:00 ] ::1 /seeworld/index.php/index.php-r=book%7Cindex.html
INFO: [ app_init ] --START--
INFO: Run Behavior\BuildLiteBehavior [ RunTime:0.000015s ]
INFO: [ app_init ] --END-- [ RunTime:0.000333s ]
ERR: 无法加载模块:Index.php-r=book|index

